2021-08-03 14:05:46,055 ERROR [http-nio-8080-exec-1] p.g.f.c.a.ExceptionAdvice [ExceptionAdvice.java:22] 服务器发生异常:Failed to convert value of type 'java.lang.String' to required type 'int'; nested exception is java.lang.NumberFormatException: For input string: "my-post.html"
2021-08-03 14:05:46,061 ERROR [http-nio-8080-exec-1] p.g.f.c.a.ExceptionAdvice [ExceptionAdvice.java:24] org.springframework.web.method.annotation.AbstractNamedValueMethodArgumentResolver.resolveArgument(AbstractNamedValueMethodArgumentResolver.java:133)
2021-08-03 14:05:46,062 ERROR [http-nio-8080-exec-1] p.g.f.c.a.ExceptionAdvice [ExceptionAdvice.java:24] org.springframework.web.method.support.HandlerMethodArgumentResolverComposite.resolveArgument(HandlerMethodArgumentResolverComposite.java:121)
2021-08-03 14:05:46,062 ERROR [http-nio-8080-exec-1] p.g.f.c.a.ExceptionAdvice [ExceptionAdvice.java:24] org.springframework.web.method.support.InvocableHandlerMethod.getMethodArgumentValues(InvocableHandlerMethod.java:170)
2021-08-03 14:05:46,062 ERROR [http-nio-8080-exec-1] p.g.f.c.a.ExceptionAdvice [ExceptionAdvice.java:24] org.springframework.web.method.support.InvocableHandlerMethod.invokeForRequest(InvocableHandlerMethod.java:137)
2021-08-03 14:05:46,062 ERROR [http-nio-8080-exec-1] p.g.f.c.a.ExceptionAdvice [ExceptionAdvice.java:24] org.springframework.web.servlet.mvc.method.annotation.ServletInvocableHandlerMethod.invokeAndHandle(ServletInvocableHandlerMethod.java:106)
2021-08-03 14:05:46,062 ERROR [http-nio-8080-exec-1] p.g.f.c.a.ExceptionAdvice [ExceptionAdvice.java:24] org.springframework.web.servlet.mvc.method.annotation.RequestMappingHandlerAdapter.invokeHandlerMethod(RequestMappingHandlerAdapter.java:894)
2021-08-03 14:05:46,062 ERROR [http-nio-8080-exec-1] p.g.f.c.a.ExceptionAdvice [ExceptionAdvice.java:24] org.springframework.web.servlet.mvc.method.annotation.RequestMappingHandlerAdapter.handleInternal(RequestMappingHandlerAdapter.java:808)
2021-08-03 14:05:46,063 ERROR [http-nio-8080-exec-1] p.g.f.c.a.ExceptionAdvice [ExceptionAdvice.java:24] org.springframework.web.servlet.mvc.method.AbstractHandlerMethodAdapter.handle(AbstractHandlerMethodAdapter.java:87)
2021-08-03 14:05:46,063 ERROR [http-nio-8080-exec-1] p.g.f.c.a.ExceptionAdvice [ExceptionAdvice.java:24] org.springframework.web.servlet.DispatcherServlet.doDispatch(DispatcherServlet.java:1063)
2021-08-03 14:05:46,063 ERROR [http-nio-8080-exec-1] p.g.f.c.a.ExceptionAdvice [ExceptionAdvice.java:24] org.springframework.web.servlet.DispatcherServlet.doService(DispatcherServlet.java:963)
2021-08-03 14:05:46,063 ERROR [http-nio-8080-exec-1] p.g.f.c.a.ExceptionAdvice [ExceptionAdvice.java:24] org.springframework.web.servlet.FrameworkServlet.processRequest(FrameworkServlet.java:1006)
2021-08-03 14:05:46,063 ERROR [http-nio-8080-exec-1] p.g.f.c.a.ExceptionAdvice [ExceptionAdvice.java:24] org.springframework.web.servlet.FrameworkServlet.doGet(FrameworkServlet.java:898)
2021-08-03 14:05:46,064 ERROR [http-nio-8080-exec-1] p.g.f.c.a.ExceptionAdvice [ExceptionAdvice.java:24] javax.servlet.http.HttpServlet.service(HttpServlet.java:626)
2021-08-03 14:05:46,064 ERROR [http-nio-8080-exec-1] p.g.f.c.a.ExceptionAdvice [ExceptionAdvice.java:24] org.springframework.web.servlet.FrameworkServlet.service(FrameworkServlet.java:883)
2021-08-03 14:05:46,064 ERROR [http-nio-8080-exec-1] p.g.f.c.a.ExceptionAdvice [ExceptionAdvice.java:24] javax.servlet.http.HttpServlet.service(HttpServlet.java:733)
2021-08-03 14:05:46,064 ERROR [http-nio-8080-exec-1] p.g.f.c.a.ExceptionAdvice [ExceptionAdvice.java:24] org.apache.catalina.core.ApplicationFilterChain.internalDoFilter(ApplicationFilterChain.java:227)
2021-08-03 14:05:46,064 ERROR [http-nio-8080-exec-1] p.g.f.c.a.ExceptionAdvice [ExceptionAdvice.java:24] org.apache.catalina.core.ApplicationFilterChain.doFilter(ApplicationFilterChain.java:162)
2021-08-03 14:05:46,064 ERROR [http-nio-8080-exec-1] p.g.f.c.a.ExceptionAdvice [ExceptionAdvice.java:24] org.apache.tomcat.websocket.server.WsFilter.doFilter(WsFilter.java:53)
2021-08-03 14:05:46,064 ERROR [http-nio-8080-exec-1] p.g.f.c.a.ExceptionAdvice [ExceptionAdvice.java:24] org.apache.catalina.core.ApplicationFilterChain.internalDoFilter(ApplicationFilterChain.java:189)
2021-08-03 14:05:46,065 ERROR [http-nio-8080-exec-1] p.g.f.c.a.ExceptionAdvice [ExceptionAdvice.java:24] org.apache.catalina.core.ApplicationFilterChain.doFilter(ApplicationFilterChain.java:162)
2021-08-03 14:05:46,065 ERROR [http-nio-8080-exec-1] p.g.f.c.a.ExceptionAdvice [ExceptionAdvice.java:24] org.springframework.web.filter.RequestContextFilter.doFilterInternal(RequestContextFilter.java:100)
2021-08-03 14:05:46,065 ERROR [http-nio-8080-exec-1] p.g.f.c.a.ExceptionAdvice [ExceptionAdvice.java:24] org.springframework.web.filter.OncePerRequestFilter.doFilter(OncePerRequestFilter.java:119)
2021-08-03 14:05:46,065 ERROR [http-nio-8080-exec-1] p.g.f.c.a.ExceptionAdvice [ExceptionAdvice.java:24] org.apache.catalina.core.ApplicationFilterChain.internalDoFilter(ApplicationFilterChain.java:189)
2021-08-03 14:05:46,065 ERROR [http-nio-8080-exec-1] p.g.f.c.a.ExceptionAdvice [ExceptionAdvice.java:24] org.apache.catalina.core.ApplicationFilterChain.doFilter(ApplicationFilterChain.java:162)
2021-08-03 14:05:46,065 ERROR [http-nio-8080-exec-1] p.g.f.c.a.ExceptionAdvice [ExceptionAdvice.java:24] org.springframework.web.filter.FormContentFilter.doFilterInternal(FormContentFilter.java:93)
2021-08-03 14:05:46,065 ERROR [http-nio-8080-exec-1] p.g.f.c.a.ExceptionAdvice [ExceptionAdvice.java:24] org.springframework.web.filter.OncePerRequestFilter.doFilter(OncePerRequestFilter.java:119)
2021-08-03 14:05:46,065 ERROR [http-nio-8080-exec-1] p.g.f.c.a.ExceptionAdvice [ExceptionAdvice.java:24] org.apache.catalina.core.ApplicationFilterChain.internalDoFilter(ApplicationFilterChain.java:189)
2021-08-03 14:05:46,066 ERROR [http-nio-8080-exec-1] p.g.f.c.a.ExceptionAdvice [ExceptionAdvice.java:24] org.apache.catalina.core.ApplicationFilterChain.doFilter(ApplicationFilterChain.java:162)
2021-08-03 14:05:46,066 ERROR [http-nio-8080-exec-1] p.g.f.c.a.ExceptionAdvice [ExceptionAdvice.java:24] org.springframework.web.filter.CharacterEncodingFilter.doFilterInternal(CharacterEncodingFilter.java:201)
2021-08-03 14:05:46,066 ERROR [http-nio-8080-exec-1] p.g.f.c.a.ExceptionAdvice [ExceptionAdvice.java:24] org.springframework.web.filter.OncePerRequestFilter.doFilter(OncePerRequestFilter.java:119)
2021-08-03 14:05:46,066 ERROR [http-nio-8080-exec-1] p.g.f.c.a.ExceptionAdvice [ExceptionAdvice.java:24] org.apache.catalina.core.ApplicationFilterChain.internalDoFilter(ApplicationFilterChain.java:189)
2021-08-03 14:05:46,066 ERROR [http-nio-8080-exec-1] p.g.f.c.a.ExceptionAdvice [ExceptionAdvice.java:24] org.apache.catalina.core.ApplicationFilterChain.doFilter(ApplicationFilterChain.java:162)
2021-08-03 14:05:46,067 ERROR [http-nio-8080-exec-1] p.g.f.c.a.ExceptionAdvice [ExceptionAdvice.java:24] org.apache.catalina.core.StandardWrapperValve.invoke(StandardWrapperValve.java:202)
2021-08-03 14:05:46,067 ERROR [http-nio-8080-exec-1] p.g.f.c.a.ExceptionAdvice [ExceptionAdvice.java:24] org.apache.catalina.core.StandardContextValve.invoke(StandardContextValve.java:97)
2021-08-03 14:05:46,067 ERROR [http-nio-8080-exec-1] p.g.f.c.a.ExceptionAdvice [ExceptionAdvice.java:24] org.apache.catalina.authenticator.AuthenticatorBase.invoke(AuthenticatorBase.java:542)
2021-08-03 14:05:46,067 ERROR [http-nio-8080-exec-1] p.g.f.c.a.ExceptionAdvice [ExceptionAdvice.java:24] org.apache.catalina.core.StandardHostValve.invoke(StandardHostValve.java:143)
2021-08-03 14:05:46,067 ERROR [http-nio-8080-exec-1] p.g.f.c.a.ExceptionAdvice [ExceptionAdvice.java:24] org.apache.catalina.valves.ErrorReportValve.invoke(ErrorReportValve.java:92)
2021-08-03 14:05:46,068 ERROR [http-nio-8080-exec-1] p.g.f.c.a.ExceptionAdvice [ExceptionAdvice.java:24] org.apache.catalina.core.StandardEngineValve.invoke(StandardEngineValve.java:78)
2021-08-03 14:05:46,068 ERROR [http-nio-8080-exec-1] p.g.f.c.a.ExceptionAdvice [ExceptionAdvice.java:24] org.apache.catalina.connector.CoyoteAdapter.service(CoyoteAdapter.java:357)
2021-08-03 14:05:46,068 ERROR [http-nio-8080-exec-1] p.g.f.c.a.ExceptionAdvice [ExceptionAdvice.java:24] org.apache.coyote.http11.Http11Processor.service(Http11Processor.java:374)
2021-08-03 14:05:46,068 ERROR [http-nio-8080-exec-1] p.g.f.c.a.ExceptionAdvice [ExceptionAdvice.java:24] org.apache.coyote.AbstractProcessorLight.process(AbstractProcessorLight.java:65)
2021-08-03 14:05:46,068 ERROR [http-nio-8080-exec-1] p.g.f.c.a.ExceptionAdvice [ExceptionAdvice.java:24] org.apache.coyote.AbstractProtocol$ConnectionHandler.process(AbstractProtocol.java:893)
2021-08-03 14:05:46,069 ERROR [http-nio-8080-exec-1] p.g.f.c.a.ExceptionAdvice [ExceptionAdvice.java:24] org.apache.tomcat.util.net.NioEndpoint$SocketProcessor.doRun(NioEndpoint.java:1707)
2021-08-03 14:05:46,069 ERROR [http-nio-8080-exec-1] p.g.f.c.a.ExceptionAdvice [ExceptionAdvice.java:24] org.apache.tomcat.util.net.SocketProcessorBase.run(SocketProcessorBase.java:49)
2021-08-03 14:05:46,069 ERROR [http-nio-8080-exec-1] p.g.f.c.a.ExceptionAdvice [ExceptionAdvice.java:24] java.util.concurrent.ThreadPoolExecutor.runWorker(ThreadPoolExecutor.java:1149)
2021-08-03 14:05:46,069 ERROR [http-nio-8080-exec-1] p.g.f.c.a.ExceptionAdvice [ExceptionAdvice.java:24] java.util.concurrent.ThreadPoolExecutor$Worker.run(ThreadPoolExecutor.java:624)
2021-08-03 14:05:46,069 ERROR [http-nio-8080-exec-1] p.g.f.c.a.ExceptionAdvice [ExceptionAdvice.java:24] org.apache.tomcat.util.threads.TaskThread$WrappingRunnable.run(TaskThread.java:61)
2021-08-03 14:05:46,069 ERROR [http-nio-8080-exec-1] p.g.f.c.a.ExceptionAdvice [ExceptionAdvice.java:24] java.lang.Thread.run(Thread.java:748)
