2021-07-23 08:59:25,618 INFO [restartedMain] p.g.f.ForumApplication [StartupInfoLogger.java:55] Starting ForumApplication using Java 1.8.0_261 on guiscdeMacBook-Pro.local with PID 4823 (/Users/guisc/IdeaProjects/forum/target/classes started by guisc in /Users/guisc/IdeaProjects/forum)
2021-07-23 08:59:25,623 INFO [restartedMain] p.g.f.ForumApplication [SpringApplication.java:659] No active profile set, falling back to default profiles: default
2021-07-23 08:59:25,668 INFO [restartedMain] o.s.b.d.e.DevToolsPropertyDefaultsPostProcessor [DeferredLog.java:255] Devtools property defaults active! Set 'spring.devtools.add-properties' to 'false' to disable
2021-07-23 08:59:25,669 INFO [restartedMain] o.s.b.d.e.DevToolsPropertyDefaultsPostProcessor [DeferredLog.java:255] For additional web related logging consider setting the 'logging.level.web' property to 'DEBUG'
2021-07-23 08:59:26,656 INFO [restartedMain] o.s.b.w.e.t.TomcatWebServer [TomcatWebServer.java:108] Tomcat initialized with port(s): 8080 (http)
2021-07-23 08:59:26,665 INFO [restartedMain] o.a.c.h.Http11NioProtocol [DirectJDKLog.java:173] Initializing ProtocolHandler ["http-nio-8080"]
2021-07-23 08:59:26,666 INFO [restartedMain] o.a.c.c.StandardService [DirectJDKLog.java:173] Starting service [Tomcat]
2021-07-23 08:59:26,666 INFO [restartedMain] o.a.c.c.StandardEngine [DirectJDKLog.java:173] Starting Servlet engine: [Apache Tomcat/9.0.46]
2021-07-23 08:59:26,718 INFO [restartedMain] o.a.c.c.C.[.[.[/forum] [DirectJDKLog.java:173] Initializing Spring embedded WebApplicationContext
2021-07-23 08:59:26,719 INFO [restartedMain] o.s.b.w.s.c.ServletWebServerApplicationContext [ServletWebServerApplicationContext.java:290] Root WebApplicationContext: initialization completed in 1050 ms
2021-07-23 08:59:27,259 INFO [restartedMain] o.s.b.a.w.s.WelcomePageHandlerMapping [WelcomePageHandlerMapping.java:57] Adding welcome page template: index
2021-07-23 08:59:27,332 INFO [restartedMain] c.z.h.HikariDataSource [HikariDataSource.java:110] HikariPool-1 - Starting...
2021-07-23 08:59:27,455 INFO [restartedMain] c.z.h.HikariDataSource [HikariDataSource.java:123] HikariPool-1 - Start completed.
2021-07-23 08:59:27,506 INFO [restartedMain] o.s.b.d.a.OptionalLiveReloadServer [OptionalLiveReloadServer.java:58] LiveReload server is running on port 35729
2021-07-23 08:59:27,521 INFO [restartedMain] o.a.c.h.Http11NioProtocol [DirectJDKLog.java:173] Starting ProtocolHandler ["http-nio-8080"]
2021-07-23 08:59:27,544 INFO [restartedMain] o.s.b.w.e.t.TomcatWebServer [TomcatWebServer.java:220] Tomcat started on port(s): 8080 (http) with context path '/forum'
2021-07-23 08:59:27,554 INFO [restartedMain] p.g.f.ForumApplication [StartupInfoLogger.java:61] Started ForumApplication in 2.51 seconds (JVM running for 3.433)
2021-07-23 09:00:23,661 INFO [http-nio-8080-exec-1] o.a.c.c.C.[.[.[/forum] [DirectJDKLog.java:173] Initializing Spring DispatcherServlet 'dispatcherServlet'
2021-07-23 09:00:23,661 INFO [http-nio-8080-exec-1] o.s.w.s.DispatcherServlet [FrameworkServlet.java:525] Initializing Servlet 'dispatcherServlet'
2021-07-23 09:00:23,663 INFO [http-nio-8080-exec-1] o.s.w.s.DispatcherServlet [FrameworkServlet.java:547] Completed initialization in 2 ms
2021-07-23 09:13:50,739 INFO [SpringApplicationShutdownHook] c.z.h.HikariDataSource [HikariDataSource.java:350] HikariPool-1 - Shutdown initiated...
2021-07-23 09:13:50,743 INFO [SpringApplicationShutdownHook] c.z.h.HikariDataSource [HikariDataSource.java:352] HikariPool-1 - Shutdown completed.
2021-07-23 09:13:54,095 INFO [restartedMain] p.g.f.ForumApplication [StartupInfoLogger.java:55] Starting ForumApplication using Java 1.8.0_261 on guiscdeMacBook-Pro.local with PID 5046 (/Users/guisc/IdeaProjects/forum/target/classes started by guisc in /Users/guisc/IdeaProjects/forum)
2021-07-23 09:13:54,098 INFO [restartedMain] p.g.f.ForumApplication [SpringApplication.java:659] No active profile set, falling back to default profiles: default
2021-07-23 09:13:54,137 INFO [restartedMain] o.s.b.d.e.DevToolsPropertyDefaultsPostProcessor [DeferredLog.java:255] Devtools property defaults active! Set 'spring.devtools.add-properties' to 'false' to disable
2021-07-23 09:13:54,137 INFO [restartedMain] o.s.b.d.e.DevToolsPropertyDefaultsPostProcessor [DeferredLog.java:255] For additional web related logging consider setting the 'logging.level.web' property to 'DEBUG'
2021-07-23 09:13:54,945 INFO [restartedMain] o.s.b.w.e.t.TomcatWebServer [TomcatWebServer.java:108] Tomcat initialized with port(s): 8080 (http)
2021-07-23 09:13:54,951 INFO [restartedMain] o.a.c.h.Http11NioProtocol [DirectJDKLog.java:173] Initializing ProtocolHandler ["http-nio-8080"]
2021-07-23 09:13:54,951 INFO [restartedMain] o.a.c.c.StandardService [DirectJDKLog.java:173] Starting service [Tomcat]
2021-07-23 09:13:54,951 INFO [restartedMain] o.a.c.c.StandardEngine [DirectJDKLog.java:173] Starting Servlet engine: [Apache Tomcat/9.0.46]
2021-07-23 09:13:54,998 INFO [restartedMain] o.a.c.c.C.[.[.[/forum] [DirectJDKLog.java:173] Initializing Spring embedded WebApplicationContext
2021-07-23 09:13:54,999 INFO [restartedMain] o.s.b.w.s.c.ServletWebServerApplicationContext [ServletWebServerApplicationContext.java:290] Root WebApplicationContext: initialization completed in 861 ms
2021-07-23 09:13:55,436 INFO [restartedMain] o.s.b.a.w.s.WelcomePageHandlerMapping [WelcomePageHandlerMapping.java:57] Adding welcome page template: index
2021-07-23 09:13:55,491 INFO [restartedMain] c.z.h.HikariDataSource [HikariDataSource.java:110] HikariPool-1 - Starting...
2021-07-23 09:13:55,567 INFO [restartedMain] c.z.h.HikariDataSource [HikariDataSource.java:123] HikariPool-1 - Start completed.
2021-07-23 09:13:55,608 INFO [restartedMain] o.s.b.d.a.OptionalLiveReloadServer [OptionalLiveReloadServer.java:58] LiveReload server is running on port 35729
2021-07-23 09:13:55,623 INFO [restartedMain] o.a.c.h.Http11NioProtocol [DirectJDKLog.java:173] Starting ProtocolHandler ["http-nio-8080"]
2021-07-23 09:13:55,645 INFO [restartedMain] o.s.b.w.e.t.TomcatWebServer [TomcatWebServer.java:220] Tomcat started on port(s): 8080 (http) with context path '/forum'
2021-07-23 09:13:55,654 INFO [restartedMain] p.g.f.ForumApplication [StartupInfoLogger.java:61] Started ForumApplication in 1.895 seconds (JVM running for 2.523)
2021-07-23 09:14:05,238 INFO [http-nio-8080-exec-1] o.a.c.c.C.[.[.[/forum] [DirectJDKLog.java:173] Initializing Spring DispatcherServlet 'dispatcherServlet'
2021-07-23 09:14:05,239 INFO [http-nio-8080-exec-1] o.s.w.s.DispatcherServlet [FrameworkServlet.java:525] Initializing Servlet 'dispatcherServlet'
2021-07-23 09:14:05,240 INFO [http-nio-8080-exec-1] o.s.w.s.DispatcherServlet [FrameworkServlet.java:547] Completed initialization in 1 ms
2021-07-23 11:10:46,084 INFO [SpringApplicationShutdownHook] c.z.h.HikariDataSource [HikariDataSource.java:350] HikariPool-1 - Shutdown initiated...
2021-07-23 11:10:46,086 INFO [SpringApplicationShutdownHook] c.z.h.HikariDataSource [HikariDataSource.java:352] HikariPool-1 - Shutdown completed.
2021-07-23 11:10:51,161 INFO [restartedMain] p.g.f.ForumApplication [StartupInfoLogger.java:55] Starting ForumApplication using Java 1.8.0_261 on guiscdeMacBook-Pro.local with PID 6385 (/Users/guisc/IdeaProjects/forum/target/classes started by guisc in /Users/guisc/IdeaProjects/forum)
2021-07-23 11:10:51,165 INFO [restartedMain] p.g.f.ForumApplication [SpringApplication.java:659] No active profile set, falling back to default profiles: default
2021-07-23 11:10:51,207 INFO [restartedMain] o.s.b.d.e.DevToolsPropertyDefaultsPostProcessor [DeferredLog.java:255] Devtools property defaults active! Set 'spring.devtools.add-properties' to 'false' to disable
2021-07-23 11:10:51,207 INFO [restartedMain] o.s.b.d.e.DevToolsPropertyDefaultsPostProcessor [DeferredLog.java:255] For additional web related logging consider setting the 'logging.level.web' property to 'DEBUG'
2021-07-23 11:10:52,381 INFO [restartedMain] o.s.b.w.e.t.TomcatWebServer [TomcatWebServer.java:108] Tomcat initialized with port(s): 8080 (http)
2021-07-23 11:10:52,387 INFO [restartedMain] o.a.c.h.Http11NioProtocol [DirectJDKLog.java:173] Initializing ProtocolHandler ["http-nio-8080"]
2021-07-23 11:10:52,388 INFO [restartedMain] o.a.c.c.StandardService [DirectJDKLog.java:173] Starting service [Tomcat]
2021-07-23 11:10:52,388 INFO [restartedMain] o.a.c.c.StandardEngine [DirectJDKLog.java:173] Starting Servlet engine: [Apache Tomcat/9.0.46]
2021-07-23 11:10:52,435 INFO [restartedMain] o.a.c.c.C.[.[.[/forum] [DirectJDKLog.java:173] Initializing Spring embedded WebApplicationContext
2021-07-23 11:10:52,436 INFO [restartedMain] o.s.b.w.s.c.ServletWebServerApplicationContext [ServletWebServerApplicationContext.java:290] Root WebApplicationContext: initialization completed in 1228 ms
2021-07-23 11:10:52,947 INFO [restartedMain] o.s.b.a.w.s.WelcomePageHandlerMapping [WelcomePageHandlerMapping.java:57] Adding welcome page template: index
2021-07-23 11:10:53,013 INFO [restartedMain] c.z.h.HikariDataSource [HikariDataSource.java:110] HikariPool-1 - Starting...
2021-07-23 11:10:53,095 INFO [restartedMain] c.z.h.HikariDataSource [HikariDataSource.java:123] HikariPool-1 - Start completed.
2021-07-23 11:10:53,136 INFO [restartedMain] o.s.b.d.a.OptionalLiveReloadServer [OptionalLiveReloadServer.java:58] LiveReload server is running on port 35729
2021-07-23 11:10:53,152 INFO [restartedMain] o.a.c.h.Http11NioProtocol [DirectJDKLog.java:173] Starting ProtocolHandler ["http-nio-8080"]
2021-07-23 11:10:53,174 INFO [restartedMain] o.s.b.w.e.t.TomcatWebServer [TomcatWebServer.java:220] Tomcat started on port(s): 8080 (http) with context path '/forum'
2021-07-23 11:10:53,182 INFO [restartedMain] p.g.f.ForumApplication [StartupInfoLogger.java:61] Started ForumApplication in 2.373 seconds (JVM running for 3.033)
2021-07-23 11:11:05,991 INFO [http-nio-8080-exec-1] o.a.c.c.C.[.[.[/forum] [DirectJDKLog.java:173] Initializing Spring DispatcherServlet 'dispatcherServlet'
2021-07-23 11:11:05,992 INFO [http-nio-8080-exec-1] o.s.w.s.DispatcherServlet [FrameworkServlet.java:525] Initializing Servlet 'dispatcherServlet'
2021-07-23 11:11:05,993 INFO [http-nio-8080-exec-1] o.s.w.s.DispatcherServlet [FrameworkServlet.java:547] Completed initialization in 1 ms
2021-07-23 11:12:33,288 INFO [SpringApplicationShutdownHook] c.z.h.HikariDataSource [HikariDataSource.java:350] HikariPool-1 - Shutdown initiated...
2021-07-23 11:12:33,292 INFO [SpringApplicationShutdownHook] c.z.h.HikariDataSource [HikariDataSource.java:352] HikariPool-1 - Shutdown completed.
2021-07-23 11:12:35,999 INFO [restartedMain] p.g.f.ForumApplication [StartupInfoLogger.java:55] Starting ForumApplication using Java 1.8.0_261 on guiscdeMacBook-Pro.local with PID 6408 (/Users/guisc/IdeaProjects/forum/target/classes started by guisc in /Users/guisc/IdeaProjects/forum)
2021-07-23 11:12:36,001 INFO [restartedMain] p.g.f.ForumApplication [SpringApplication.java:659] No active profile set, falling back to default profiles: default
2021-07-23 11:12:36,031 INFO [restartedMain] o.s.b.d.e.DevToolsPropertyDefaultsPostProcessor [DeferredLog.java:255] Devtools property defaults active! Set 'spring.devtools.add-properties' to 'false' to disable
2021-07-23 11:12:36,032 INFO [restartedMain] o.s.b.d.e.DevToolsPropertyDefaultsPostProcessor [DeferredLog.java:255] For additional web related logging consider setting the 'logging.level.web' property to 'DEBUG'
2021-07-23 11:12:36,886 INFO [restartedMain] o.s.b.w.e.t.TomcatWebServer [TomcatWebServer.java:108] Tomcat initialized with port(s): 8080 (http)
2021-07-23 11:12:36,893 INFO [restartedMain] o.a.c.h.Http11NioProtocol [DirectJDKLog.java:173] Initializing ProtocolHandler ["http-nio-8080"]
2021-07-23 11:12:36,893 INFO [restartedMain] o.a.c.c.StandardService [DirectJDKLog.java:173] Starting service [Tomcat]
2021-07-23 11:12:36,893 INFO [restartedMain] o.a.c.c.StandardEngine [DirectJDKLog.java:173] Starting Servlet engine: [Apache Tomcat/9.0.46]
2021-07-23 11:12:36,933 INFO [restartedMain] o.a.c.c.C.[.[.[/forum] [DirectJDKLog.java:173] Initializing Spring embedded WebApplicationContext
2021-07-23 11:12:36,934 INFO [restartedMain] o.s.b.w.s.c.ServletWebServerApplicationContext [ServletWebServerApplicationContext.java:290] Root WebApplicationContext: initialization completed in 902 ms
2021-07-23 11:12:37,420 INFO [restartedMain] o.s.b.a.w.s.WelcomePageHandlerMapping [WelcomePageHandlerMapping.java:57] Adding welcome page template: index
2021-07-23 11:12:37,478 INFO [restartedMain] c.z.h.HikariDataSource [HikariDataSource.java:110] HikariPool-1 - Starting...
2021-07-23 11:12:37,553 INFO [restartedMain] c.z.h.HikariDataSource [HikariDataSource.java:123] HikariPool-1 - Start completed.
2021-07-23 11:12:37,593 INFO [restartedMain] o.s.b.d.a.OptionalLiveReloadServer [OptionalLiveReloadServer.java:58] LiveReload server is running on port 35729
2021-07-23 11:12:37,606 INFO [restartedMain] o.a.c.h.Http11NioProtocol [DirectJDKLog.java:173] Starting ProtocolHandler ["http-nio-8080"]
2021-07-23 11:12:37,627 INFO [restartedMain] o.s.b.w.e.t.TomcatWebServer [TomcatWebServer.java:220] Tomcat started on port(s): 8080 (http) with context path '/forum'
2021-07-23 11:12:37,635 INFO [restartedMain] p.g.f.ForumApplication [StartupInfoLogger.java:61] Started ForumApplication in 1.94 seconds (JVM running for 2.359)
2021-07-23 11:13:25,074 INFO [SpringApplicationShutdownHook] c.z.h.HikariDataSource [HikariDataSource.java:350] HikariPool-1 - Shutdown initiated...
2021-07-23 11:13:25,078 INFO [SpringApplicationShutdownHook] c.z.h.HikariDataSource [HikariDataSource.java:352] HikariPool-1 - Shutdown completed.
2021-07-23 11:13:27,672 INFO [restartedMain] p.g.f.ForumApplication [StartupInfoLogger.java:55] Starting ForumApplication using Java 1.8.0_261 on guiscdeMacBook-Pro.local with PID 6424 (/Users/guisc/IdeaProjects/forum/target/classes started by guisc in /Users/guisc/IdeaProjects/forum)
2021-07-23 11:13:27,676 INFO [restartedMain] p.g.f.ForumApplication [SpringApplication.java:659] No active profile set, falling back to default profiles: default
2021-07-23 11:13:27,715 INFO [restartedMain] o.s.b.d.e.DevToolsPropertyDefaultsPostProcessor [DeferredLog.java:255] Devtools property defaults active! Set 'spring.devtools.add-properties' to 'false' to disable
2021-07-23 11:13:27,716 INFO [restartedMain] o.s.b.d.e.DevToolsPropertyDefaultsPostProcessor [DeferredLog.java:255] For additional web related logging consider setting the 'logging.level.web' property to 'DEBUG'
2021-07-23 11:13:28,565 INFO [restartedMain] o.s.b.w.e.t.TomcatWebServer [TomcatWebServer.java:108] Tomcat initialized with port(s): 8080 (http)
2021-07-23 11:13:28,572 INFO [restartedMain] o.a.c.h.Http11NioProtocol [DirectJDKLog.java:173] Initializing ProtocolHandler ["http-nio-8080"]
2021-07-23 11:13:28,573 INFO [restartedMain] o.a.c.c.StandardService [DirectJDKLog.java:173] Starting service [Tomcat]
2021-07-23 11:13:28,573 INFO [restartedMain] o.a.c.c.StandardEngine [DirectJDKLog.java:173] Starting Servlet engine: [Apache Tomcat/9.0.46]
2021-07-23 11:13:28,623 INFO [restartedMain] o.a.c.c.C.[.[.[/forum] [DirectJDKLog.java:173] Initializing Spring embedded WebApplicationContext
2021-07-23 11:13:28,623 INFO [restartedMain] o.s.b.w.s.c.ServletWebServerApplicationContext [ServletWebServerApplicationContext.java:290] Root WebApplicationContext: initialization completed in 907 ms
2021-07-23 11:13:29,060 INFO [restartedMain] o.s.b.a.w.s.WelcomePageHandlerMapping [WelcomePageHandlerMapping.java:57] Adding welcome page template: index
2021-07-23 11:13:29,126 INFO [restartedMain] c.z.h.HikariDataSource [HikariDataSource.java:110] HikariPool-1 - Starting...
2021-07-23 11:13:29,203 INFO [restartedMain] c.z.h.HikariDataSource [HikariDataSource.java:123] HikariPool-1 - Start completed.
2021-07-23 11:13:29,246 INFO [restartedMain] o.s.b.d.a.OptionalLiveReloadServer [OptionalLiveReloadServer.java:58] LiveReload server is running on port 35729
2021-07-23 11:13:29,260 INFO [restartedMain] o.a.c.h.Http11NioProtocol [DirectJDKLog.java:173] Starting ProtocolHandler ["http-nio-8080"]
2021-07-23 11:13:29,283 INFO [restartedMain] o.s.b.w.e.t.TomcatWebServer [TomcatWebServer.java:220] Tomcat started on port(s): 8080 (http) with context path '/forum'
2021-07-23 11:13:29,292 INFO [restartedMain] p.g.f.ForumApplication [StartupInfoLogger.java:61] Started ForumApplication in 2.021 seconds (JVM running for 2.699)
2021-07-23 11:14:53,512 INFO [http-nio-8080-exec-1] o.a.c.c.C.[.[.[/forum] [DirectJDKLog.java:173] Initializing Spring DispatcherServlet 'dispatcherServlet'
2021-07-23 11:14:53,512 INFO [http-nio-8080-exec-1] o.s.w.s.DispatcherServlet [FrameworkServlet.java:525] Initializing Servlet 'dispatcherServlet'
2021-07-23 11:14:53,514 INFO [http-nio-8080-exec-1] o.s.w.s.DispatcherServlet [FrameworkServlet.java:547] Completed initialization in 1 ms
2021-07-23 11:17:38,042 INFO [SpringApplicationShutdownHook] c.z.h.HikariDataSource [HikariDataSource.java:350] HikariPool-1 - Shutdown initiated...
2021-07-23 11:17:38,046 INFO [SpringApplicationShutdownHook] c.z.h.HikariDataSource [HikariDataSource.java:352] HikariPool-1 - Shutdown completed.
2021-07-23 11:18:05,952 INFO [restartedMain] p.g.f.ForumApplication [StartupInfoLogger.java:55] Starting ForumApplication using Java 1.8.0_261 on guiscdeMacBook-Pro.local with PID 6490 (/Users/guisc/IdeaProjects/forum/target/classes started by guisc in /Users/guisc/IdeaProjects/forum)
2021-07-23 11:18:05,955 INFO [restartedMain] p.g.f.ForumApplication [SpringApplication.java:659] No active profile set, falling back to default profiles: default
2021-07-23 11:18:05,990 INFO [restartedMain] o.s.b.d.e.DevToolsPropertyDefaultsPostProcessor [DeferredLog.java:255] Devtools property defaults active! Set 'spring.devtools.add-properties' to 'false' to disable
2021-07-23 11:18:05,991 INFO [restartedMain] o.s.b.d.e.DevToolsPropertyDefaultsPostProcessor [DeferredLog.java:255] For additional web related logging consider setting the 'logging.level.web' property to 'DEBUG'
2021-07-23 11:18:06,782 INFO [restartedMain] o.s.b.w.e.t.TomcatWebServer [TomcatWebServer.java:108] Tomcat initialized with port(s): 8080 (http)
2021-07-23 11:18:06,789 INFO [restartedMain] o.a.c.h.Http11NioProtocol [DirectJDKLog.java:173] Initializing ProtocolHandler ["http-nio-8080"]
2021-07-23 11:18:06,790 INFO [restartedMain] o.a.c.c.StandardService [DirectJDKLog.java:173] Starting service [Tomcat]
2021-07-23 11:18:06,790 INFO [restartedMain] o.a.c.c.StandardEngine [DirectJDKLog.java:173] Starting Servlet engine: [Apache Tomcat/9.0.46]
2021-07-23 11:18:06,831 INFO [restartedMain] o.a.c.c.C.[.[.[/forum] [DirectJDKLog.java:173] Initializing Spring embedded WebApplicationContext
2021-07-23 11:18:06,831 INFO [restartedMain] o.s.b.w.s.c.ServletWebServerApplicationContext [ServletWebServerApplicationContext.java:290] Root WebApplicationContext: initialization completed in 840 ms
2021-07-23 11:18:07,303 INFO [restartedMain] o.s.b.a.w.s.WelcomePageHandlerMapping [WelcomePageHandlerMapping.java:57] Adding welcome page template: index
2021-07-23 11:18:07,362 INFO [restartedMain] c.z.h.HikariDataSource [HikariDataSource.java:110] HikariPool-1 - Starting...
2021-07-23 11:18:07,438 INFO [restartedMain] c.z.h.HikariDataSource [HikariDataSource.java:123] HikariPool-1 - Start completed.
2021-07-23 11:18:07,479 INFO [restartedMain] o.s.b.d.a.OptionalLiveReloadServer [OptionalLiveReloadServer.java:58] LiveReload server is running on port 35729
2021-07-23 11:18:07,493 INFO [restartedMain] o.a.c.h.Http11NioProtocol [DirectJDKLog.java:173] Starting ProtocolHandler ["http-nio-8080"]
2021-07-23 11:18:07,518 INFO [restartedMain] o.s.b.w.e.t.TomcatWebServer [TomcatWebServer.java:220] Tomcat started on port(s): 8080 (http) with context path '/forum'
2021-07-23 11:18:07,528 INFO [restartedMain] p.g.f.ForumApplication [StartupInfoLogger.java:61] Started ForumApplication in 1.893 seconds (JVM running for 2.578)
2021-07-23 11:18:12,652 INFO [http-nio-8080-exec-2] o.a.c.c.C.[.[.[/forum] [DirectJDKLog.java:173] Initializing Spring DispatcherServlet 'dispatcherServlet'
2021-07-23 11:18:12,653 INFO [http-nio-8080-exec-2] o.s.w.s.DispatcherServlet [FrameworkServlet.java:525] Initializing Servlet 'dispatcherServlet'
2021-07-23 11:18:12,654 INFO [http-nio-8080-exec-2] o.s.w.s.DispatcherServlet [FrameworkServlet.java:547] Completed initialization in 1 ms
2021-07-23 13:42:40,485 INFO [SpringApplicationShutdownHook] c.z.h.HikariDataSource [HikariDataSource.java:350] HikariPool-1 - Shutdown initiated...
2021-07-23 13:42:40,488 INFO [SpringApplicationShutdownHook] c.z.h.HikariDataSource [HikariDataSource.java:352] HikariPool-1 - Shutdown completed.
2021-07-23 20:35:22,561 INFO [restartedMain] p.g.f.ForumApplication [StartupInfoLogger.java:55] Starting ForumApplication using Java 1.8.0_261 on guiscdeMacBook-Pro.local with PID 20752 (/Users/guisc/IdeaProjects/forum/target/classes started by guisc in /Users/guisc/IdeaProjects/forum)
2021-07-23 20:35:22,564 INFO [restartedMain] p.g.f.ForumApplication [SpringApplication.java:659] No active profile set, falling back to default profiles: default
2021-07-23 20:35:22,613 INFO [restartedMain] o.s.b.d.e.DevToolsPropertyDefaultsPostProcessor [DeferredLog.java:255] Devtools property defaults active! Set 'spring.devtools.add-properties' to 'false' to disable
2021-07-23 20:35:22,613 INFO [restartedMain] o.s.b.d.e.DevToolsPropertyDefaultsPostProcessor [DeferredLog.java:255] For additional web related logging consider setting the 'logging.level.web' property to 'DEBUG'
2021-07-23 20:35:23,729 INFO [restartedMain] o.s.b.w.e.t.TomcatWebServer [TomcatWebServer.java:108] Tomcat initialized with port(s): 8080 (http)
2021-07-23 20:35:23,739 INFO [restartedMain] o.a.c.h.Http11NioProtocol [DirectJDKLog.java:173] Initializing ProtocolHandler ["http-nio-8080"]
2021-07-23 20:35:23,740 INFO [restartedMain] o.a.c.c.StandardService [DirectJDKLog.java:173] Starting service [Tomcat]
2021-07-23 20:35:23,740 INFO [restartedMain] o.a.c.c.StandardEngine [DirectJDKLog.java:173] Starting Servlet engine: [Apache Tomcat/9.0.46]
2021-07-23 20:35:23,809 INFO [restartedMain] o.a.c.c.C.[.[.[/forum] [DirectJDKLog.java:173] Initializing Spring embedded WebApplicationContext
2021-07-23 20:35:23,809 INFO [restartedMain] o.s.b.w.s.c.ServletWebServerApplicationContext [ServletWebServerApplicationContext.java:290] Root WebApplicationContext: initialization completed in 1195 ms
2021-07-23 20:35:24,415 INFO [restartedMain] o.s.b.a.w.s.WelcomePageHandlerMapping [WelcomePageHandlerMapping.java:57] Adding welcome page template: index
2021-07-23 20:35:24,506 INFO [restartedMain] c.z.h.HikariDataSource [HikariDataSource.java:110] HikariPool-1 - Starting...
2021-07-23 20:35:24,682 INFO [restartedMain] c.z.h.HikariDataSource [HikariDataSource.java:123] HikariPool-1 - Start completed.
2021-07-23 20:35:24,747 INFO [restartedMain] o.s.b.d.a.OptionalLiveReloadServer [OptionalLiveReloadServer.java:58] LiveReload server is running on port 35729
2021-07-23 20:35:24,764 INFO [restartedMain] o.a.c.h.Http11NioProtocol [DirectJDKLog.java:173] Starting ProtocolHandler ["http-nio-8080"]
2021-07-23 20:35:24,790 INFO [restartedMain] o.s.b.w.e.t.TomcatWebServer [TomcatWebServer.java:220] Tomcat started on port(s): 8080 (http) with context path '/forum'
2021-07-23 20:35:24,801 INFO [restartedMain] p.g.f.ForumApplication [StartupInfoLogger.java:61] Started ForumApplication in 2.766 seconds (JVM running for 3.582)
2021-07-23 20:35:26,386 INFO [http-nio-8080-exec-1] o.a.c.c.C.[.[.[/forum] [DirectJDKLog.java:173] Initializing Spring DispatcherServlet 'dispatcherServlet'
2021-07-23 20:35:26,387 INFO [http-nio-8080-exec-1] o.s.w.s.DispatcherServlet [FrameworkServlet.java:525] Initializing Servlet 'dispatcherServlet'
2021-07-23 20:35:26,388 INFO [http-nio-8080-exec-1] o.s.w.s.DispatcherServlet [FrameworkServlet.java:547] Completed initialization in 1 ms
2021-07-23 20:37:16,580 INFO [SpringApplicationShutdownHook] c.z.h.HikariDataSource [HikariDataSource.java:350] HikariPool-1 - Shutdown initiated...
2021-07-23 20:37:16,585 INFO [SpringApplicationShutdownHook] c.z.h.HikariDataSource [HikariDataSource.java:352] HikariPool-1 - Shutdown completed.
2021-07-23 20:37:18,965 INFO [restartedMain] p.g.f.ForumApplication [StartupInfoLogger.java:55] Starting ForumApplication using Java 1.8.0_261 on guiscdeMacBook-Pro.local with PID 20797 (/Users/guisc/IdeaProjects/forum/target/classes started by guisc in /Users/guisc/IdeaProjects/forum)
2021-07-23 20:37:18,967 INFO [restartedMain] p.g.f.ForumApplication [SpringApplication.java:659] No active profile set, falling back to default profiles: default
2021-07-23 20:37:18,999 INFO [restartedMain] o.s.b.d.e.DevToolsPropertyDefaultsPostProcessor [DeferredLog.java:255] Devtools property defaults active! Set 'spring.devtools.add-properties' to 'false' to disable
2021-07-23 20:37:18,999 INFO [restartedMain] o.s.b.d.e.DevToolsPropertyDefaultsPostProcessor [DeferredLog.java:255] For additional web related logging consider setting the 'logging.level.web' property to 'DEBUG'
2021-07-23 20:37:19,883 INFO [restartedMain] o.s.b.w.e.t.TomcatWebServer [TomcatWebServer.java:108] Tomcat initialized with port(s): 8080 (http)
2021-07-23 20:37:19,898 INFO [restartedMain] o.a.c.h.Http11NioProtocol [DirectJDKLog.java:173] Initializing ProtocolHandler ["http-nio-8080"]
2021-07-23 20:37:19,898 INFO [restartedMain] o.a.c.c.StandardService [DirectJDKLog.java:173] Starting service [Tomcat]
2021-07-23 20:37:19,899 INFO [restartedMain] o.a.c.c.StandardEngine [DirectJDKLog.java:173] Starting Servlet engine: [Apache Tomcat/9.0.46]
2021-07-23 20:37:19,944 INFO [restartedMain] o.a.c.c.C.[.[.[/forum] [DirectJDKLog.java:173] Initializing Spring embedded WebApplicationContext
2021-07-23 20:37:19,945 INFO [restartedMain] o.s.b.w.s.c.ServletWebServerApplicationContext [ServletWebServerApplicationContext.java:290] Root WebApplicationContext: initialization completed in 945 ms
2021-07-23 20:37:20,409 INFO [restartedMain] o.s.b.a.w.s.WelcomePageHandlerMapping [WelcomePageHandlerMapping.java:57] Adding welcome page template: index
2021-07-23 20:37:20,468 INFO [restartedMain] c.z.h.HikariDataSource [HikariDataSource.java:110] HikariPool-1 - Starting...
2021-07-23 20:37:20,545 INFO [restartedMain] c.z.h.HikariDataSource [HikariDataSource.java:123] HikariPool-1 - Start completed.
2021-07-23 20:37:20,586 INFO [restartedMain] o.s.b.d.a.OptionalLiveReloadServer [OptionalLiveReloadServer.java:58] LiveReload server is running on port 35729
2021-07-23 20:37:20,601 INFO [restartedMain] o.a.c.h.Http11NioProtocol [DirectJDKLog.java:173] Starting ProtocolHandler ["http-nio-8080"]
2021-07-23 20:37:20,623 INFO [restartedMain] o.s.b.w.e.t.TomcatWebServer [TomcatWebServer.java:220] Tomcat started on port(s): 8080 (http) with context path '/forum'
2021-07-23 20:37:20,632 INFO [restartedMain] p.g.f.ForumApplication [StartupInfoLogger.java:61] Started ForumApplication in 2.008 seconds (JVM running for 2.599)
2021-07-23 20:39:17,288 INFO [SpringApplicationShutdownHook] c.z.h.HikariDataSource [HikariDataSource.java:350] HikariPool-1 - Shutdown initiated...
2021-07-23 20:39:17,291 INFO [SpringApplicationShutdownHook] c.z.h.HikariDataSource [HikariDataSource.java:352] HikariPool-1 - Shutdown completed.
2021-07-23 20:39:19,749 INFO [restartedMain] p.g.f.ForumApplication [StartupInfoLogger.java:55] Starting ForumApplication using Java 1.8.0_261 on guiscdeMacBook-Pro.local with PID 20827 (/Users/guisc/IdeaProjects/forum/target/classes started by guisc in /Users/guisc/IdeaProjects/forum)
2021-07-23 20:39:19,752 INFO [restartedMain] p.g.f.ForumApplication [SpringApplication.java:659] No active profile set, falling back to default profiles: default
2021-07-23 20:39:19,787 INFO [restartedMain] o.s.b.d.e.DevToolsPropertyDefaultsPostProcessor [DeferredLog.java:255] Devtools property defaults active! Set 'spring.devtools.add-properties' to 'false' to disable
2021-07-23 20:39:19,788 INFO [restartedMain] o.s.b.d.e.DevToolsPropertyDefaultsPostProcessor [DeferredLog.java:255] For additional web related logging consider setting the 'logging.level.web' property to 'DEBUG'
2021-07-23 20:39:20,985 INFO [restartedMain] o.s.b.w.e.t.TomcatWebServer [TomcatWebServer.java:108] Tomcat initialized with port(s): 8080 (http)
2021-07-23 20:39:20,993 INFO [restartedMain] o.a.c.h.Http11NioProtocol [DirectJDKLog.java:173] Initializing ProtocolHandler ["http-nio-8080"]
2021-07-23 20:39:20,993 INFO [restartedMain] o.a.c.c.StandardService [DirectJDKLog.java:173] Starting service [Tomcat]
2021-07-23 20:39:20,994 INFO [restartedMain] o.a.c.c.StandardEngine [DirectJDKLog.java:173] Starting Servlet engine: [Apache Tomcat/9.0.46]
2021-07-23 20:39:21,049 INFO [restartedMain] o.a.c.c.C.[.[.[/forum] [DirectJDKLog.java:173] Initializing Spring embedded WebApplicationContext
2021-07-23 20:39:21,049 INFO [restartedMain] o.s.b.w.s.c.ServletWebServerApplicationContext [ServletWebServerApplicationContext.java:290] Root WebApplicationContext: initialization completed in 1260 ms
2021-07-23 20:39:21,510 INFO [restartedMain] o.s.b.a.w.s.WelcomePageHandlerMapping [WelcomePageHandlerMapping.java:57] Adding welcome page template: index
2021-07-23 20:39:21,568 INFO [restartedMain] c.z.h.HikariDataSource [HikariDataSource.java:110] HikariPool-1 - Starting...
2021-07-23 20:39:21,646 INFO [restartedMain] c.z.h.HikariDataSource [HikariDataSource.java:123] HikariPool-1 - Start completed.
2021-07-23 20:39:21,691 INFO [restartedMain] o.s.b.d.a.OptionalLiveReloadServer [OptionalLiveReloadServer.java:58] LiveReload server is running on port 35729
2021-07-23 20:39:21,706 INFO [restartedMain] o.a.c.h.Http11NioProtocol [DirectJDKLog.java:173] Starting ProtocolHandler ["http-nio-8080"]
2021-07-23 20:39:21,729 INFO [restartedMain] o.s.b.w.e.t.TomcatWebServer [TomcatWebServer.java:220] Tomcat started on port(s): 8080 (http) with context path '/forum'
2021-07-23 20:39:21,739 INFO [restartedMain] p.g.f.ForumApplication [StartupInfoLogger.java:61] Started ForumApplication in 2.308 seconds (JVM running for 3.02)
2021-07-23 20:39:22,936 INFO [SpringApplicationShutdownHook] c.z.h.HikariDataSource [HikariDataSource.java:350] HikariPool-1 - Shutdown initiated...
2021-07-23 20:39:22,944 INFO [SpringApplicationShutdownHook] c.z.h.HikariDataSource [HikariDataSource.java:352] HikariPool-1 - Shutdown completed.
2021-07-23 20:39:25,653 INFO [restartedMain] p.g.f.ForumApplication [StartupInfoLogger.java:55] Starting ForumApplication using Java 1.8.0_261 on guiscdeMacBook-Pro.local with PID 20837 (/Users/guisc/IdeaProjects/forum/target/classes started by guisc in /Users/guisc/IdeaProjects/forum)
2021-07-23 20:39:25,656 INFO [restartedMain] p.g.f.ForumApplication [SpringApplication.java:659] No active profile set, falling back to default profiles: default
2021-07-23 20:39:25,703 INFO [restartedMain] o.s.b.d.e.DevToolsPropertyDefaultsPostProcessor [DeferredLog.java:255] Devtools property defaults active! Set 'spring.devtools.add-properties' to 'false' to disable
2021-07-23 20:39:25,704 INFO [restartedMain] o.s.b.d.e.DevToolsPropertyDefaultsPostProcessor [DeferredLog.java:255] For additional web related logging consider setting the 'logging.level.web' property to 'DEBUG'
2021-07-23 20:39:26,719 INFO [restartedMain] o.s.b.w.e.t.TomcatWebServer [TomcatWebServer.java:108] Tomcat initialized with port(s): 8080 (http)
2021-07-23 20:39:26,737 INFO [restartedMain] o.a.c.h.Http11NioProtocol [DirectJDKLog.java:173] Initializing ProtocolHandler ["http-nio-8080"]
2021-07-23 20:39:26,737 INFO [restartedMain] o.a.c.c.StandardService [DirectJDKLog.java:173] Starting service [Tomcat]
2021-07-23 20:39:26,738 INFO [restartedMain] o.a.c.c.StandardEngine [DirectJDKLog.java:173] Starting Servlet engine: [Apache Tomcat/9.0.46]
2021-07-23 20:39:26,788 INFO [restartedMain] o.a.c.c.C.[.[.[/forum] [DirectJDKLog.java:173] Initializing Spring embedded WebApplicationContext
2021-07-23 20:39:26,789 INFO [restartedMain] o.s.b.w.s.c.ServletWebServerApplicationContext [ServletWebServerApplicationContext.java:290] Root WebApplicationContext: initialization completed in 1084 ms
2021-07-23 20:39:27,265 INFO [restartedMain] o.s.b.a.w.s.WelcomePageHandlerMapping [WelcomePageHandlerMapping.java:57] Adding welcome page template: index
2021-07-23 20:39:27,330 INFO [restartedMain] c.z.h.HikariDataSource [HikariDataSource.java:110] HikariPool-1 - Starting...
2021-07-23 20:39:27,414 INFO [restartedMain] c.z.h.HikariDataSource [HikariDataSource.java:123] HikariPool-1 - Start completed.
2021-07-23 20:39:27,459 INFO [restartedMain] o.s.b.d.a.OptionalLiveReloadServer [OptionalLiveReloadServer.java:58] LiveReload server is running on port 35729
2021-07-23 20:39:27,474 INFO [restartedMain] o.a.c.h.Http11NioProtocol [DirectJDKLog.java:173] Starting ProtocolHandler ["http-nio-8080"]
2021-07-23 20:39:27,499 INFO [restartedMain] o.s.b.w.e.t.TomcatWebServer [TomcatWebServer.java:220] Tomcat started on port(s): 8080 (http) with context path '/forum'
2021-07-23 20:39:27,508 INFO [restartedMain] p.g.f.ForumApplication [StartupInfoLogger.java:61] Started ForumApplication in 2.232 seconds (JVM running for 2.767)
2021-07-23 20:39:35,067 INFO [http-nio-8080-exec-1] o.a.c.c.C.[.[.[/forum] [DirectJDKLog.java:173] Initializing Spring DispatcherServlet 'dispatcherServlet'
2021-07-23 20:39:35,068 INFO [http-nio-8080-exec-1] o.s.w.s.DispatcherServlet [FrameworkServlet.java:525] Initializing Servlet 'dispatcherServlet'
2021-07-23 20:39:35,069 INFO [http-nio-8080-exec-1] o.s.w.s.DispatcherServlet [FrameworkServlet.java:547] Completed initialization in 1 ms
2021-07-23 22:33:51,511 INFO [SpringApplicationShutdownHook] c.z.h.HikariDataSource [HikariDataSource.java:350] HikariPool-1 - Shutdown initiated...
2021-07-23 22:33:51,515 INFO [SpringApplicationShutdownHook] c.z.h.HikariDataSource [HikariDataSource.java:352] HikariPool-1 - Shutdown completed.
2021-07-23 22:33:54,738 INFO [restartedMain] p.g.f.ForumApplication [StartupInfoLogger.java:55] Starting ForumApplication using Java 1.8.0_261 on guiscdeMacBook-Pro.local with PID 22267 (/Users/guisc/IdeaProjects/forum/target/classes started by guisc in /Users/guisc/IdeaProjects/forum)
2021-07-23 22:33:54,740 INFO [restartedMain] p.g.f.ForumApplication [SpringApplication.java:659] No active profile set, falling back to default profiles: default
2021-07-23 22:33:54,773 INFO [restartedMain] o.s.b.d.e.DevToolsPropertyDefaultsPostProcessor [DeferredLog.java:255] Devtools property defaults active! Set 'spring.devtools.add-properties' to 'false' to disable
2021-07-23 22:33:54,773 INFO [restartedMain] o.s.b.d.e.DevToolsPropertyDefaultsPostProcessor [DeferredLog.java:255] For additional web related logging consider setting the 'logging.level.web' property to 'DEBUG'
2021-07-23 22:33:55,537 INFO [restartedMain] o.s.b.w.e.t.TomcatWebServer [TomcatWebServer.java:108] Tomcat initialized with port(s): 8080 (http)
2021-07-23 22:33:55,552 INFO [restartedMain] o.a.c.h.Http11NioProtocol [DirectJDKLog.java:173] Initializing ProtocolHandler ["http-nio-8080"]
2021-07-23 22:33:55,553 INFO [restartedMain] o.a.c.c.StandardService [DirectJDKLog.java:173] Starting service [Tomcat]
2021-07-23 22:33:55,553 INFO [restartedMain] o.a.c.c.StandardEngine [DirectJDKLog.java:173] Starting Servlet engine: [Apache Tomcat/9.0.46]
2021-07-23 22:33:55,599 INFO [restartedMain] o.a.c.c.C.[.[.[/forum] [DirectJDKLog.java:173] Initializing Spring embedded WebApplicationContext
2021-07-23 22:33:55,599 INFO [restartedMain] o.s.b.w.s.c.ServletWebServerApplicationContext [ServletWebServerApplicationContext.java:290] Root WebApplicationContext: initialization completed in 825 ms
2021-07-23 22:33:56,082 INFO [restartedMain] o.s.b.a.w.s.WelcomePageHandlerMapping [WelcomePageHandlerMapping.java:57] Adding welcome page template: index
2021-07-23 22:33:56,139 INFO [restartedMain] c.z.h.HikariDataSource [HikariDataSource.java:110] HikariPool-1 - Starting...
2021-07-23 22:33:56,216 INFO [restartedMain] c.z.h.HikariDataSource [HikariDataSource.java:123] HikariPool-1 - Start completed.
2021-07-23 22:33:56,257 INFO [restartedMain] o.s.b.d.a.OptionalLiveReloadServer [OptionalLiveReloadServer.java:58] LiveReload server is running on port 35729
2021-07-23 22:33:56,271 INFO [restartedMain] o.a.c.h.Http11NioProtocol [DirectJDKLog.java:173] Starting ProtocolHandler ["http-nio-8080"]
2021-07-23 22:33:56,292 INFO [restartedMain] o.s.b.w.e.t.TomcatWebServer [TomcatWebServer.java:220] Tomcat started on port(s): 8080 (http) with context path '/forum'
2021-07-23 22:33:56,302 INFO [restartedMain] p.g.f.ForumApplication [StartupInfoLogger.java:61] Started ForumApplication in 1.876 seconds (JVM running for 2.339)
2021-07-23 22:34:10,319 INFO [http-nio-8080-exec-1] o.a.c.c.C.[.[.[/forum] [DirectJDKLog.java:173] Initializing Spring DispatcherServlet 'dispatcherServlet'
2021-07-23 22:34:10,319 INFO [http-nio-8080-exec-1] o.s.w.s.DispatcherServlet [FrameworkServlet.java:525] Initializing Servlet 'dispatcherServlet'
2021-07-23 22:34:10,320 INFO [http-nio-8080-exec-1] o.s.w.s.DispatcherServlet [FrameworkServlet.java:547] Completed initialization in 1 ms
2021-07-23 22:35:27,911 INFO [SpringApplicationShutdownHook] c.z.h.HikariDataSource [HikariDataSource.java:350] HikariPool-1 - Shutdown initiated...
2021-07-23 22:35:27,915 INFO [SpringApplicationShutdownHook] c.z.h.HikariDataSource [HikariDataSource.java:352] HikariPool-1 - Shutdown completed.
2021-07-23 22:35:31,700 INFO [restartedMain] p.g.f.ForumApplication [StartupInfoLogger.java:55] Starting ForumApplication using Java 1.8.0_261 on guiscdeMacBook-Pro.local with PID 22318 (/Users/guisc/IdeaProjects/forum/target/classes started by guisc in /Users/guisc/IdeaProjects/forum)
2021-07-23 22:35:31,702 INFO [restartedMain] p.g.f.ForumApplication [SpringApplication.java:659] No active profile set, falling back to default profiles: default
2021-07-23 22:35:31,736 INFO [restartedMain] o.s.b.d.e.DevToolsPropertyDefaultsPostProcessor [DeferredLog.java:255] Devtools property defaults active! Set 'spring.devtools.add-properties' to 'false' to disable
2021-07-23 22:35:31,736 INFO [restartedMain] o.s.b.d.e.DevToolsPropertyDefaultsPostProcessor [DeferredLog.java:255] For additional web related logging consider setting the 'logging.level.web' property to 'DEBUG'
2021-07-23 22:35:32,533 INFO [restartedMain] o.s.b.w.e.t.TomcatWebServer [TomcatWebServer.java:108] Tomcat initialized with port(s): 8080 (http)
2021-07-23 22:35:32,539 INFO [restartedMain] o.a.c.h.Http11NioProtocol [DirectJDKLog.java:173] Initializing ProtocolHandler ["http-nio-8080"]
2021-07-23 22:35:32,540 INFO [restartedMain] o.a.c.c.StandardService [DirectJDKLog.java:173] Starting service [Tomcat]
2021-07-23 22:35:32,540 INFO [restartedMain] o.a.c.c.StandardEngine [DirectJDKLog.java:173] Starting Servlet engine: [Apache Tomcat/9.0.46]
2021-07-23 22:35:32,598 INFO [restartedMain] o.a.c.c.C.[.[.[/forum] [DirectJDKLog.java:173] Initializing Spring embedded WebApplicationContext
2021-07-23 22:35:32,598 INFO [restartedMain] o.s.b.w.s.c.ServletWebServerApplicationContext [ServletWebServerApplicationContext.java:290] Root WebApplicationContext: initialization completed in 862 ms
2021-07-23 22:35:33,090 INFO [restartedMain] o.s.b.a.w.s.WelcomePageHandlerMapping [WelcomePageHandlerMapping.java:57] Adding welcome page template: index
2021-07-23 22:35:33,149 INFO [restartedMain] c.z.h.HikariDataSource [HikariDataSource.java:110] HikariPool-1 - Starting...
2021-07-23 22:35:33,229 INFO [restartedMain] c.z.h.HikariDataSource [HikariDataSource.java:123] HikariPool-1 - Start completed.
2021-07-23 22:35:33,274 INFO [restartedMain] o.s.b.d.a.OptionalLiveReloadServer [OptionalLiveReloadServer.java:58] LiveReload server is running on port 35729
2021-07-23 22:35:33,287 INFO [restartedMain] o.a.c.h.Http11NioProtocol [DirectJDKLog.java:173] Starting ProtocolHandler ["http-nio-8080"]
2021-07-23 22:35:33,310 INFO [restartedMain] o.s.b.w.e.t.TomcatWebServer [TomcatWebServer.java:220] Tomcat started on port(s): 8080 (http) with context path '/forum'
2021-07-23 22:35:33,318 INFO [restartedMain] p.g.f.ForumApplication [StartupInfoLogger.java:61] Started ForumApplication in 1.947 seconds (JVM running for 2.559)
2021-07-23 22:35:45,770 INFO [http-nio-8080-exec-1] o.a.c.c.C.[.[.[/forum] [DirectJDKLog.java:173] Initializing Spring DispatcherServlet 'dispatcherServlet'
2021-07-23 22:35:45,770 INFO [http-nio-8080-exec-1] o.s.w.s.DispatcherServlet [FrameworkServlet.java:525] Initializing Servlet 'dispatcherServlet'
2021-07-23 22:35:45,772 INFO [http-nio-8080-exec-1] o.s.w.s.DispatcherServlet [FrameworkServlet.java:547] Completed initialization in 1 ms
2021-07-23 22:37:15,739 INFO [SpringApplicationShutdownHook] c.z.h.HikariDataSource [HikariDataSource.java:350] HikariPool-1 - Shutdown initiated...
2021-07-23 22:37:15,747 INFO [SpringApplicationShutdownHook] c.z.h.HikariDataSource [HikariDataSource.java:352] HikariPool-1 - Shutdown completed.
