2021-08-03 14:05:46,055 ERROR [http-nio-8080-exec-1] p.g.f.c.a.ExceptionAdvice [ExceptionAdvice.java:22] 服务器发生异常:Failed to convert value of type 'java.lang.String' to required type 'int'; nested exception is java.lang.NumberFormatException: For input string: "my-post.html"
2021-08-03 14:05:46,061 ERROR [http-nio-8080-exec-1] p.g.f.c.a.ExceptionAdvice [ExceptionAdvice.java:24] org.springframework.web.method.annotation.AbstractNamedValueMethodArgumentResolver.resolveArgument(AbstractNamedValueMethodArgumentResolver.java:133)
2021-08-03 14:05:46,062 ERROR [http-nio-8080-exec-1] p.g.f.c.a.ExceptionAdvice [ExceptionAdvice.java:24] org.springframework.web.method.support.HandlerMethodArgumentResolverComposite.resolveArgument(HandlerMethodArgumentResolverComposite.java:121)
2021-08-03 14:05:46,062 ERROR [http-nio-8080-exec-1] p.g.f.c.a.ExceptionAdvice [ExceptionAdvice.java:24] org.springframework.web.method.support.InvocableHandlerMethod.getMethodArgumentValues(InvocableHandlerMethod.java:170)
2021-08-03 14:05:46,062 ERROR [http-nio-8080-exec-1] p.g.f.c.a.ExceptionAdvice [ExceptionAdvice.java:24] org.springframework.web.method.support.InvocableHandlerMethod.invokeForRequest(InvocableHandlerMethod.java:137)
2021-08-03 14:05:46,062 ERROR [http-nio-8080-exec-1] p.g.f.c.a.ExceptionAdvice [ExceptionAdvice.java:24] org.springframework.web.servlet.mvc.method.annotation.ServletInvocableHandlerMethod.invokeAndHandle(ServletInvocableHandlerMethod.java:106)
2021-08-03 14:05:46,062 ERROR [http-nio-8080-exec-1] p.g.f.c.a.ExceptionAdvice [ExceptionAdvice.java:24] org.springframework.web.servlet.mvc.method.annotation.RequestMappingHandlerAdapter.invokeHandlerMethod(RequestMappingHandlerAdapter.java:894)
2021-08-03 14:05:46,062 ERROR [http-nio-8080-exec-1] p.g.f.c.a.ExceptionAdvice [ExceptionAdvice.java:24] org.springframework.web.servlet.mvc.method.annotation.RequestMappingHandlerAdapter.handleInternal(RequestMappingHandlerAdapter.java:808)
2021-08-03 14:05:46,063 ERROR [http-nio-8080-exec-1] p.g.f.c.a.ExceptionAdvice [ExceptionAdvice.java:24] org.springframework.web.servlet.mvc.method.AbstractHandlerMethodAdapter.handle(AbstractHandlerMethodAdapter.java:87)
2021-08-03 14:05:46,063 ERROR [http-nio-8080-exec-1] p.g.f.c.a.ExceptionAdvice [ExceptionAdvice.java:24] org.springframework.web.servlet.DispatcherServlet.doDispatch(DispatcherServlet.java:1063)
2021-08-03 14:05:46,063 ERROR [http-nio-8080-exec-1] p.g.f.c.a.ExceptionAdvice [ExceptionAdvice.java:24] org.springframework.web.servlet.DispatcherServlet.doService(DispatcherServlet.java:963)
2021-08-03 14:05:46,063 ERROR [http-nio-8080-exec-1] p.g.f.c.a.ExceptionAdvice [ExceptionAdvice.java:24] org.springframework.web.servlet.FrameworkServlet.processRequest(FrameworkServlet.java:1006)
2021-08-03 14:05:46,063 ERROR [http-nio-8080-exec-1] p.g.f.c.a.ExceptionAdvice [ExceptionAdvice.java:24] org.springframework.web.servlet.FrameworkServlet.doGet(FrameworkServlet.java:898)
2021-08-03 14:05:46,064 ERROR [http-nio-8080-exec-1] p.g.f.c.a.ExceptionAdvice [ExceptionAdvice.java:24] javax.servlet.http.HttpServlet.service(HttpServlet.java:626)
2021-08-03 14:05:46,064 ERROR [http-nio-8080-exec-1] p.g.f.c.a.ExceptionAdvice [ExceptionAdvice.java:24] org.springframework.web.servlet.FrameworkServlet.service(FrameworkServlet.java:883)
2021-08-03 14:05:46,064 ERROR [http-nio-8080-exec-1] p.g.f.c.a.ExceptionAdvice [ExceptionAdvice.java:24] javax.servlet.http.HttpServlet.service(HttpServlet.java:733)
2021-08-03 14:05:46,064 ERROR [http-nio-8080-exec-1] p.g.f.c.a.ExceptionAdvice [ExceptionAdvice.java:24] org.apache.catalina.core.ApplicationFilterChain.internalDoFilter(ApplicationFilterChain.java:227)
2021-08-03 14:05:46,064 ERROR [http-nio-8080-exec-1] p.g.f.c.a.ExceptionAdvice [ExceptionAdvice.java:24] org.apache.catalina.core.ApplicationFilterChain.doFilter(ApplicationFilterChain.java:162)
2021-08-03 14:05:46,064 ERROR [http-nio-8080-exec-1] p.g.f.c.a.ExceptionAdvice [ExceptionAdvice.java:24] org.apache.tomcat.websocket.server.WsFilter.doFilter(WsFilter.java:53)
2021-08-03 14:05:46,064 ERROR [http-nio-8080-exec-1] p.g.f.c.a.ExceptionAdvice [ExceptionAdvice.java:24] org.apache.catalina.core.ApplicationFilterChain.internalDoFilter(ApplicationFilterChain.java:189)
2021-08-03 14:05:46,065 ERROR [http-nio-8080-exec-1] p.g.f.c.a.ExceptionAdvice [ExceptionAdvice.java:24] org.apache.catalina.core.ApplicationFilterChain.doFilter(ApplicationFilterChain.java:162)
2021-08-03 14:05:46,065 ERROR [http-nio-8080-exec-1] p.g.f.c.a.ExceptionAdvice [ExceptionAdvice.java:24] org.springframework.web.filter.RequestContextFilter.doFilterInternal(RequestContextFilter.java:100)
2021-08-03 14:05:46,065 ERROR [http-nio-8080-exec-1] p.g.f.c.a.ExceptionAdvice [ExceptionAdvice.java:24] org.springframework.web.filter.OncePerRequestFilter.doFilter(OncePerRequestFilter.java:119)
2021-08-03 14:05:46,065 ERROR [http-nio-8080-exec-1] p.g.f.c.a.ExceptionAdvice [ExceptionAdvice.java:24] org.apache.catalina.core.ApplicationFilterChain.internalDoFilter(ApplicationFilterChain.java:189)
2021-08-03 14:05:46,065 ERROR [http-nio-8080-exec-1] p.g.f.c.a.ExceptionAdvice [ExceptionAdvice.java:24] org.apache.catalina.core.ApplicationFilterChain.doFilter(ApplicationFilterChain.java:162)
2021-08-03 14:05:46,065 ERROR [http-nio-8080-exec-1] p.g.f.c.a.ExceptionAdvice [ExceptionAdvice.java:24] org.springframework.web.filter.FormContentFilter.doFilterInternal(FormContentFilter.java:93)
2021-08-03 14:05:46,065 ERROR [http-nio-8080-exec-1] p.g.f.c.a.ExceptionAdvice [ExceptionAdvice.java:24] org.springframework.web.filter.OncePerRequestFilter.doFilter(OncePerRequestFilter.java:119)
2021-08-03 14:05:46,065 ERROR [http-nio-8080-exec-1] p.g.f.c.a.ExceptionAdvice [ExceptionAdvice.java:24] org.apache.catalina.core.ApplicationFilterChain.internalDoFilter(ApplicationFilterChain.java:189)
2021-08-03 14:05:46,066 ERROR [http-nio-8080-exec-1] p.g.f.c.a.ExceptionAdvice [ExceptionAdvice.java:24] org.apache.catalina.core.ApplicationFilterChain.doFilter(ApplicationFilterChain.java:162)
2021-08-03 14:05:46,066 ERROR [http-nio-8080-exec-1] p.g.f.c.a.ExceptionAdvice [ExceptionAdvice.java:24] org.springframework.web.filter.CharacterEncodingFilter.doFilterInternal(CharacterEncodingFilter.java:201)
2021-08-03 14:05:46,066 ERROR [http-nio-8080-exec-1] p.g.f.c.a.ExceptionAdvice [ExceptionAdvice.java:24] org.springframework.web.filter.OncePerRequestFilter.doFilter(OncePerRequestFilter.java:119)
2021-08-03 14:05:46,066 ERROR [http-nio-8080-exec-1] p.g.f.c.a.ExceptionAdvice [ExceptionAdvice.java:24] org.apache.catalina.core.ApplicationFilterChain.internalDoFilter(ApplicationFilterChain.java:189)
2021-08-03 14:05:46,066 ERROR [http-nio-8080-exec-1] p.g.f.c.a.ExceptionAdvice [ExceptionAdvice.java:24] org.apache.catalina.core.ApplicationFilterChain.doFilter(ApplicationFilterChain.java:162)
2021-08-03 14:05:46,067 ERROR [http-nio-8080-exec-1] p.g.f.c.a.ExceptionAdvice [ExceptionAdvice.java:24] org.apache.catalina.core.StandardWrapperValve.invoke(StandardWrapperValve.java:202)
2021-08-03 14:05:46,067 ERROR [http-nio-8080-exec-1] p.g.f.c.a.ExceptionAdvice [ExceptionAdvice.java:24] org.apache.catalina.core.StandardContextValve.invoke(StandardContextValve.java:97)
2021-08-03 14:05:46,067 ERROR [http-nio-8080-exec-1] p.g.f.c.a.ExceptionAdvice [ExceptionAdvice.java:24] org.apache.catalina.authenticator.AuthenticatorBase.invoke(AuthenticatorBase.java:542)
2021-08-03 14:05:46,067 ERROR [http-nio-8080-exec-1] p.g.f.c.a.ExceptionAdvice [ExceptionAdvice.java:24] org.apache.catalina.core.StandardHostValve.invoke(StandardHostValve.java:143)
2021-08-03 14:05:46,067 ERROR [http-nio-8080-exec-1] p.g.f.c.a.ExceptionAdvice [ExceptionAdvice.java:24] org.apache.catalina.valves.ErrorReportValve.invoke(ErrorReportValve.java:92)
2021-08-03 14:05:46,068 ERROR [http-nio-8080-exec-1] p.g.f.c.a.ExceptionAdvice [ExceptionAdvice.java:24] org.apache.catalina.core.StandardEngineValve.invoke(StandardEngineValve.java:78)
2021-08-03 14:05:46,068 ERROR [http-nio-8080-exec-1] p.g.f.c.a.ExceptionAdvice [ExceptionAdvice.java:24] org.apache.catalina.connector.CoyoteAdapter.service(CoyoteAdapter.java:357)
2021-08-03 14:05:46,068 ERROR [http-nio-8080-exec-1] p.g.f.c.a.ExceptionAdvice [ExceptionAdvice.java:24] org.apache.coyote.http11.Http11Processor.service(Http11Processor.java:374)
2021-08-03 14:05:46,068 ERROR [http-nio-8080-exec-1] p.g.f.c.a.ExceptionAdvice [ExceptionAdvice.java:24] org.apache.coyote.AbstractProcessorLight.process(AbstractProcessorLight.java:65)
2021-08-03 14:05:46,068 ERROR [http-nio-8080-exec-1] p.g.f.c.a.ExceptionAdvice [ExceptionAdvice.java:24] org.apache.coyote.AbstractProtocol$ConnectionHandler.process(AbstractProtocol.java:893)
2021-08-03 14:05:46,069 ERROR [http-nio-8080-exec-1] p.g.f.c.a.ExceptionAdvice [ExceptionAdvice.java:24] org.apache.tomcat.util.net.NioEndpoint$SocketProcessor.doRun(NioEndpoint.java:1707)
2021-08-03 14:05:46,069 ERROR [http-nio-8080-exec-1] p.g.f.c.a.ExceptionAdvice [ExceptionAdvice.java:24] org.apache.tomcat.util.net.SocketProcessorBase.run(SocketProcessorBase.java:49)
2021-08-03 14:05:46,069 ERROR [http-nio-8080-exec-1] p.g.f.c.a.ExceptionAdvice [ExceptionAdvice.java:24] java.util.concurrent.ThreadPoolExecutor.runWorker(ThreadPoolExecutor.java:1149)
2021-08-03 14:05:46,069 ERROR [http-nio-8080-exec-1] p.g.f.c.a.ExceptionAdvice [ExceptionAdvice.java:24] java.util.concurrent.ThreadPoolExecutor$Worker.run(ThreadPoolExecutor.java:624)
2021-08-03 14:05:46,069 ERROR [http-nio-8080-exec-1] p.g.f.c.a.ExceptionAdvice [ExceptionAdvice.java:24] org.apache.tomcat.util.threads.TaskThread$WrappingRunnable.run(TaskThread.java:61)
2021-08-03 14:05:46,069 ERROR [http-nio-8080-exec-1] p.g.f.c.a.ExceptionAdvice [ExceptionAdvice.java:24] java.lang.Thread.run(Thread.java:748)
2021-08-03 15:49:46,371 ERROR [http-nio-8080-exec-7] p.g.f.c.a.ExceptionAdvice [ExceptionAdvice.java:22] 服务器发生异常:Failed to convert value of type 'java.lang.String' to required type 'int'; nested exception is java.lang.NumberFormatException: For input string: "profile.html"
2021-08-03 15:49:46,372 ERROR [http-nio-8080-exec-7] p.g.f.c.a.ExceptionAdvice [ExceptionAdvice.java:24] org.springframework.web.method.annotation.AbstractNamedValueMethodArgumentResolver.resolveArgument(AbstractNamedValueMethodArgumentResolver.java:133)
2021-08-03 15:49:46,373 ERROR [http-nio-8080-exec-7] p.g.f.c.a.ExceptionAdvice [ExceptionAdvice.java:24] org.springframework.web.method.support.HandlerMethodArgumentResolverComposite.resolveArgument(HandlerMethodArgumentResolverComposite.java:121)
2021-08-03 15:49:46,373 ERROR [http-nio-8080-exec-7] p.g.f.c.a.ExceptionAdvice [ExceptionAdvice.java:24] org.springframework.web.method.support.InvocableHandlerMethod.getMethodArgumentValues(InvocableHandlerMethod.java:170)
2021-08-03 15:49:46,373 ERROR [http-nio-8080-exec-7] p.g.f.c.a.ExceptionAdvice [ExceptionAdvice.java:24] org.springframework.web.method.support.InvocableHandlerMethod.invokeForRequest(InvocableHandlerMethod.java:137)
2021-08-03 15:49:46,373 ERROR [http-nio-8080-exec-7] p.g.f.c.a.ExceptionAdvice [ExceptionAdvice.java:24] org.springframework.web.servlet.mvc.method.annotation.ServletInvocableHandlerMethod.invokeAndHandle(ServletInvocableHandlerMethod.java:106)
2021-08-03 15:49:46,374 ERROR [http-nio-8080-exec-7] p.g.f.c.a.ExceptionAdvice [ExceptionAdvice.java:24] org.springframework.web.servlet.mvc.method.annotation.RequestMappingHandlerAdapter.invokeHandlerMethod(RequestMappingHandlerAdapter.java:894)
2021-08-03 15:49:46,374 ERROR [http-nio-8080-exec-7] p.g.f.c.a.ExceptionAdvice [ExceptionAdvice.java:24] org.springframework.web.servlet.mvc.method.annotation.RequestMappingHandlerAdapter.handleInternal(RequestMappingHandlerAdapter.java:808)
2021-08-03 15:49:46,374 ERROR [http-nio-8080-exec-7] p.g.f.c.a.ExceptionAdvice [ExceptionAdvice.java:24] org.springframework.web.servlet.mvc.method.AbstractHandlerMethodAdapter.handle(AbstractHandlerMethodAdapter.java:87)
2021-08-03 15:49:46,374 ERROR [http-nio-8080-exec-7] p.g.f.c.a.ExceptionAdvice [ExceptionAdvice.java:24] org.springframework.web.servlet.DispatcherServlet.doDispatch(DispatcherServlet.java:1063)
2021-08-03 15:49:46,374 ERROR [http-nio-8080-exec-7] p.g.f.c.a.ExceptionAdvice [ExceptionAdvice.java:24] org.springframework.web.servlet.DispatcherServlet.doService(DispatcherServlet.java:963)
2021-08-03 15:49:46,374 ERROR [http-nio-8080-exec-7] p.g.f.c.a.ExceptionAdvice [ExceptionAdvice.java:24] org.springframework.web.servlet.FrameworkServlet.processRequest(FrameworkServlet.java:1006)
2021-08-03 15:49:46,375 ERROR [http-nio-8080-exec-7] p.g.f.c.a.ExceptionAdvice [ExceptionAdvice.java:24] org.springframework.web.servlet.FrameworkServlet.doGet(FrameworkServlet.java:898)
2021-08-03 15:49:46,375 ERROR [http-nio-8080-exec-7] p.g.f.c.a.ExceptionAdvice [ExceptionAdvice.java:24] javax.servlet.http.HttpServlet.service(HttpServlet.java:626)
2021-08-03 15:49:46,375 ERROR [http-nio-8080-exec-7] p.g.f.c.a.ExceptionAdvice [ExceptionAdvice.java:24] org.springframework.web.servlet.FrameworkServlet.service(FrameworkServlet.java:883)
2021-08-03 15:49:46,375 ERROR [http-nio-8080-exec-7] p.g.f.c.a.ExceptionAdvice [ExceptionAdvice.java:24] javax.servlet.http.HttpServlet.service(HttpServlet.java:733)
2021-08-03 15:49:46,375 ERROR [http-nio-8080-exec-7] p.g.f.c.a.ExceptionAdvice [ExceptionAdvice.java:24] org.apache.catalina.core.ApplicationFilterChain.internalDoFilter(ApplicationFilterChain.java:227)
2021-08-03 15:49:46,375 ERROR [http-nio-8080-exec-7] p.g.f.c.a.ExceptionAdvice [ExceptionAdvice.java:24] org.apache.catalina.core.ApplicationFilterChain.doFilter(ApplicationFilterChain.java:162)
2021-08-03 15:49:46,375 ERROR [http-nio-8080-exec-7] p.g.f.c.a.ExceptionAdvice [ExceptionAdvice.java:24] org.apache.tomcat.websocket.server.WsFilter.doFilter(WsFilter.java:53)
2021-08-03 15:49:46,375 ERROR [http-nio-8080-exec-7] p.g.f.c.a.ExceptionAdvice [ExceptionAdvice.java:24] org.apache.catalina.core.ApplicationFilterChain.internalDoFilter(ApplicationFilterChain.java:189)
2021-08-03 15:49:46,376 ERROR [http-nio-8080-exec-7] p.g.f.c.a.ExceptionAdvice [ExceptionAdvice.java:24] org.apache.catalina.core.ApplicationFilterChain.doFilter(ApplicationFilterChain.java:162)
2021-08-03 15:49:46,376 ERROR [http-nio-8080-exec-7] p.g.f.c.a.ExceptionAdvice [ExceptionAdvice.java:24] org.springframework.web.filter.RequestContextFilter.doFilterInternal(RequestContextFilter.java:100)
2021-08-03 15:49:46,376 ERROR [http-nio-8080-exec-7] p.g.f.c.a.ExceptionAdvice [ExceptionAdvice.java:24] org.springframework.web.filter.OncePerRequestFilter.doFilter(OncePerRequestFilter.java:119)
2021-08-03 15:49:46,376 ERROR [http-nio-8080-exec-7] p.g.f.c.a.ExceptionAdvice [ExceptionAdvice.java:24] org.apache.catalina.core.ApplicationFilterChain.internalDoFilter(ApplicationFilterChain.java:189)
2021-08-03 15:49:46,376 ERROR [http-nio-8080-exec-7] p.g.f.c.a.ExceptionAdvice [ExceptionAdvice.java:24] org.apache.catalina.core.ApplicationFilterChain.doFilter(ApplicationFilterChain.java:162)
2021-08-03 15:49:46,376 ERROR [http-nio-8080-exec-7] p.g.f.c.a.ExceptionAdvice [ExceptionAdvice.java:24] org.springframework.web.filter.FormContentFilter.doFilterInternal(FormContentFilter.java:93)
2021-08-03 15:49:46,376 ERROR [http-nio-8080-exec-7] p.g.f.c.a.ExceptionAdvice [ExceptionAdvice.java:24] org.springframework.web.filter.OncePerRequestFilter.doFilter(OncePerRequestFilter.java:119)
2021-08-03 15:49:46,376 ERROR [http-nio-8080-exec-7] p.g.f.c.a.ExceptionAdvice [ExceptionAdvice.java:24] org.apache.catalina.core.ApplicationFilterChain.internalDoFilter(ApplicationFilterChain.java:189)
2021-08-03 15:49:46,376 ERROR [http-nio-8080-exec-7] p.g.f.c.a.ExceptionAdvice [ExceptionAdvice.java:24] org.apache.catalina.core.ApplicationFilterChain.doFilter(ApplicationFilterChain.java:162)
2021-08-03 15:49:46,377 ERROR [http-nio-8080-exec-7] p.g.f.c.a.ExceptionAdvice [ExceptionAdvice.java:24] org.springframework.web.filter.CharacterEncodingFilter.doFilterInternal(CharacterEncodingFilter.java:201)
2021-08-03 15:49:46,377 ERROR [http-nio-8080-exec-7] p.g.f.c.a.ExceptionAdvice [ExceptionAdvice.java:24] org.springframework.web.filter.OncePerRequestFilter.doFilter(OncePerRequestFilter.java:119)
2021-08-03 15:49:46,377 ERROR [http-nio-8080-exec-7] p.g.f.c.a.ExceptionAdvice [ExceptionAdvice.java:24] org.apache.catalina.core.ApplicationFilterChain.internalDoFilter(ApplicationFilterChain.java:189)
2021-08-03 15:49:46,377 ERROR [http-nio-8080-exec-7] p.g.f.c.a.ExceptionAdvice [ExceptionAdvice.java:24] org.apache.catalina.core.ApplicationFilterChain.doFilter(ApplicationFilterChain.java:162)
2021-08-03 15:49:46,377 ERROR [http-nio-8080-exec-7] p.g.f.c.a.ExceptionAdvice [ExceptionAdvice.java:24] org.apache.catalina.core.StandardWrapperValve.invoke(StandardWrapperValve.java:202)
2021-08-03 15:49:46,377 ERROR [http-nio-8080-exec-7] p.g.f.c.a.ExceptionAdvice [ExceptionAdvice.java:24] org.apache.catalina.core.StandardContextValve.invoke(StandardContextValve.java:97)
2021-08-03 15:49:46,377 ERROR [http-nio-8080-exec-7] p.g.f.c.a.ExceptionAdvice [ExceptionAdvice.java:24] org.apache.catalina.authenticator.AuthenticatorBase.invoke(AuthenticatorBase.java:542)
2021-08-03 15:49:46,377 ERROR [http-nio-8080-exec-7] p.g.f.c.a.ExceptionAdvice [ExceptionAdvice.java:24] org.apache.catalina.core.StandardHostValve.invoke(StandardHostValve.java:143)
2021-08-03 15:49:46,378 ERROR [http-nio-8080-exec-7] p.g.f.c.a.ExceptionAdvice [ExceptionAdvice.java:24] org.apache.catalina.valves.ErrorReportValve.invoke(ErrorReportValve.java:92)
2021-08-03 15:49:46,378 ERROR [http-nio-8080-exec-7] p.g.f.c.a.ExceptionAdvice [ExceptionAdvice.java:24] org.apache.catalina.core.StandardEngineValve.invoke(StandardEngineValve.java:78)
2021-08-03 15:49:46,378 ERROR [http-nio-8080-exec-7] p.g.f.c.a.ExceptionAdvice [ExceptionAdvice.java:24] org.apache.catalina.connector.CoyoteAdapter.service(CoyoteAdapter.java:357)
2021-08-03 15:49:46,378 ERROR [http-nio-8080-exec-7] p.g.f.c.a.ExceptionAdvice [ExceptionAdvice.java:24] org.apache.coyote.http11.Http11Processor.service(Http11Processor.java:374)
2021-08-03 15:49:46,378 ERROR [http-nio-8080-exec-7] p.g.f.c.a.ExceptionAdvice [ExceptionAdvice.java:24] org.apache.coyote.AbstractProcessorLight.process(AbstractProcessorLight.java:65)
2021-08-03 15:49:46,378 ERROR [http-nio-8080-exec-7] p.g.f.c.a.ExceptionAdvice [ExceptionAdvice.java:24] org.apache.coyote.AbstractProtocol$ConnectionHandler.process(AbstractProtocol.java:893)
2021-08-03 15:49:46,378 ERROR [http-nio-8080-exec-7] p.g.f.c.a.ExceptionAdvice [ExceptionAdvice.java:24] org.apache.tomcat.util.net.NioEndpoint$SocketProcessor.doRun(NioEndpoint.java:1707)
2021-08-03 15:49:46,378 ERROR [http-nio-8080-exec-7] p.g.f.c.a.ExceptionAdvice [ExceptionAdvice.java:24] org.apache.tomcat.util.net.SocketProcessorBase.run(SocketProcessorBase.java:49)
2021-08-03 15:49:46,378 ERROR [http-nio-8080-exec-7] p.g.f.c.a.ExceptionAdvice [ExceptionAdvice.java:24] java.util.concurrent.ThreadPoolExecutor.runWorker(ThreadPoolExecutor.java:1149)
2021-08-03 15:49:46,379 ERROR [http-nio-8080-exec-7] p.g.f.c.a.ExceptionAdvice [ExceptionAdvice.java:24] java.util.concurrent.ThreadPoolExecutor$Worker.run(ThreadPoolExecutor.java:624)
2021-08-03 15:49:46,379 ERROR [http-nio-8080-exec-7] p.g.f.c.a.ExceptionAdvice [ExceptionAdvice.java:24] org.apache.tomcat.util.threads.TaskThread$WrappingRunnable.run(TaskThread.java:61)
2021-08-03 15:49:46,379 ERROR [http-nio-8080-exec-7] p.g.f.c.a.ExceptionAdvice [ExceptionAdvice.java:24] java.lang.Thread.run(Thread.java:748)
2021-08-03 15:49:53,925 ERROR [http-nio-8080-exec-8] p.g.f.c.a.ExceptionAdvice [ExceptionAdvice.java:22] 服务器发生异常:Failed to convert value of type 'java.lang.String' to required type 'int'; nested exception is java.lang.NumberFormatException: For input string: "profile.html"
2021-08-03 15:49:53,926 ERROR [http-nio-8080-exec-8] p.g.f.c.a.ExceptionAdvice [ExceptionAdvice.java:24] org.springframework.web.method.annotation.AbstractNamedValueMethodArgumentResolver.resolveArgument(AbstractNamedValueMethodArgumentResolver.java:133)
2021-08-03 15:49:53,926 ERROR [http-nio-8080-exec-8] p.g.f.c.a.ExceptionAdvice [ExceptionAdvice.java:24] org.springframework.web.method.support.HandlerMethodArgumentResolverComposite.resolveArgument(HandlerMethodArgumentResolverComposite.java:121)
2021-08-03 15:49:53,926 ERROR [http-nio-8080-exec-8] p.g.f.c.a.ExceptionAdvice [ExceptionAdvice.java:24] org.springframework.web.method.support.InvocableHandlerMethod.getMethodArgumentValues(InvocableHandlerMethod.java:170)
2021-08-03 15:49:53,926 ERROR [http-nio-8080-exec-8] p.g.f.c.a.ExceptionAdvice [ExceptionAdvice.java:24] org.springframework.web.method.support.InvocableHandlerMethod.invokeForRequest(InvocableHandlerMethod.java:137)
2021-08-03 15:49:53,926 ERROR [http-nio-8080-exec-8] p.g.f.c.a.ExceptionAdvice [ExceptionAdvice.java:24] org.springframework.web.servlet.mvc.method.annotation.ServletInvocableHandlerMethod.invokeAndHandle(ServletInvocableHandlerMethod.java:106)
2021-08-03 15:49:53,926 ERROR [http-nio-8080-exec-8] p.g.f.c.a.ExceptionAdvice [ExceptionAdvice.java:24] org.springframework.web.servlet.mvc.method.annotation.RequestMappingHandlerAdapter.invokeHandlerMethod(RequestMappingHandlerAdapter.java:894)
2021-08-03 15:49:53,926 ERROR [http-nio-8080-exec-8] p.g.f.c.a.ExceptionAdvice [ExceptionAdvice.java:24] org.springframework.web.servlet.mvc.method.annotation.RequestMappingHandlerAdapter.handleInternal(RequestMappingHandlerAdapter.java:808)
2021-08-03 15:49:53,927 ERROR [http-nio-8080-exec-8] p.g.f.c.a.ExceptionAdvice [ExceptionAdvice.java:24] org.springframework.web.servlet.mvc.method.AbstractHandlerMethodAdapter.handle(AbstractHandlerMethodAdapter.java:87)
2021-08-03 15:49:53,927 ERROR [http-nio-8080-exec-8] p.g.f.c.a.ExceptionAdvice [ExceptionAdvice.java:24] org.springframework.web.servlet.DispatcherServlet.doDispatch(DispatcherServlet.java:1063)
2021-08-03 15:49:53,927 ERROR [http-nio-8080-exec-8] p.g.f.c.a.ExceptionAdvice [ExceptionAdvice.java:24] org.springframework.web.servlet.DispatcherServlet.doService(DispatcherServlet.java:963)
2021-08-03 15:49:53,927 ERROR [http-nio-8080-exec-8] p.g.f.c.a.ExceptionAdvice [ExceptionAdvice.java:24] org.springframework.web.servlet.FrameworkServlet.processRequest(FrameworkServlet.java:1006)
2021-08-03 15:49:53,927 ERROR [http-nio-8080-exec-8] p.g.f.c.a.ExceptionAdvice [ExceptionAdvice.java:24] org.springframework.web.servlet.FrameworkServlet.doGet(FrameworkServlet.java:898)
2021-08-03 15:49:53,927 ERROR [http-nio-8080-exec-8] p.g.f.c.a.ExceptionAdvice [ExceptionAdvice.java:24] javax.servlet.http.HttpServlet.service(HttpServlet.java:626)
2021-08-03 15:49:53,927 ERROR [http-nio-8080-exec-8] p.g.f.c.a.ExceptionAdvice [ExceptionAdvice.java:24] org.springframework.web.servlet.FrameworkServlet.service(FrameworkServlet.java:883)
2021-08-03 15:49:53,928 ERROR [http-nio-8080-exec-8] p.g.f.c.a.ExceptionAdvice [ExceptionAdvice.java:24] javax.servlet.http.HttpServlet.service(HttpServlet.java:733)
2021-08-03 15:49:53,928 ERROR [http-nio-8080-exec-8] p.g.f.c.a.ExceptionAdvice [ExceptionAdvice.java:24] org.apache.catalina.core.ApplicationFilterChain.internalDoFilter(ApplicationFilterChain.java:227)
2021-08-03 15:49:53,928 ERROR [http-nio-8080-exec-8] p.g.f.c.a.ExceptionAdvice [ExceptionAdvice.java:24] org.apache.catalina.core.ApplicationFilterChain.doFilter(ApplicationFilterChain.java:162)
2021-08-03 15:49:53,928 ERROR [http-nio-8080-exec-8] p.g.f.c.a.ExceptionAdvice [ExceptionAdvice.java:24] org.apache.tomcat.websocket.server.WsFilter.doFilter(WsFilter.java:53)
2021-08-03 15:49:53,928 ERROR [http-nio-8080-exec-8] p.g.f.c.a.ExceptionAdvice [ExceptionAdvice.java:24] org.apache.catalina.core.ApplicationFilterChain.internalDoFilter(ApplicationFilterChain.java:189)
2021-08-03 15:49:53,928 ERROR [http-nio-8080-exec-8] p.g.f.c.a.ExceptionAdvice [ExceptionAdvice.java:24] org.apache.catalina.core.ApplicationFilterChain.doFilter(ApplicationFilterChain.java:162)
2021-08-03 15:49:53,929 ERROR [http-nio-8080-exec-8] p.g.f.c.a.ExceptionAdvice [ExceptionAdvice.java:24] org.springframework.web.filter.RequestContextFilter.doFilterInternal(RequestContextFilter.java:100)
2021-08-03 15:49:53,929 ERROR [http-nio-8080-exec-8] p.g.f.c.a.ExceptionAdvice [ExceptionAdvice.java:24] org.springframework.web.filter.OncePerRequestFilter.doFilter(OncePerRequestFilter.java:119)
2021-08-03 15:49:53,929 ERROR [http-nio-8080-exec-8] p.g.f.c.a.ExceptionAdvice [ExceptionAdvice.java:24] org.apache.catalina.core.ApplicationFilterChain.internalDoFilter(ApplicationFilterChain.java:189)
2021-08-03 15:49:53,929 ERROR [http-nio-8080-exec-8] p.g.f.c.a.ExceptionAdvice [ExceptionAdvice.java:24] org.apache.catalina.core.ApplicationFilterChain.doFilter(ApplicationFilterChain.java:162)
2021-08-03 15:49:53,929 ERROR [http-nio-8080-exec-8] p.g.f.c.a.ExceptionAdvice [ExceptionAdvice.java:24] org.springframework.web.filter.FormContentFilter.doFilterInternal(FormContentFilter.java:93)
2021-08-03 15:49:53,929 ERROR [http-nio-8080-exec-8] p.g.f.c.a.ExceptionAdvice [ExceptionAdvice.java:24] org.springframework.web.filter.OncePerRequestFilter.doFilter(OncePerRequestFilter.java:119)
2021-08-03 15:49:53,930 ERROR [http-nio-8080-exec-8] p.g.f.c.a.ExceptionAdvice [ExceptionAdvice.java:24] org.apache.catalina.core.ApplicationFilterChain.internalDoFilter(ApplicationFilterChain.java:189)
2021-08-03 15:49:53,930 ERROR [http-nio-8080-exec-8] p.g.f.c.a.ExceptionAdvice [ExceptionAdvice.java:24] org.apache.catalina.core.ApplicationFilterChain.doFilter(ApplicationFilterChain.java:162)
2021-08-03 15:49:53,930 ERROR [http-nio-8080-exec-8] p.g.f.c.a.ExceptionAdvice [ExceptionAdvice.java:24] org.springframework.web.filter.CharacterEncodingFilter.doFilterInternal(CharacterEncodingFilter.java:201)
2021-08-03 15:49:53,930 ERROR [http-nio-8080-exec-8] p.g.f.c.a.ExceptionAdvice [ExceptionAdvice.java:24] org.springframework.web.filter.OncePerRequestFilter.doFilter(OncePerRequestFilter.java:119)
2021-08-03 15:49:53,930 ERROR [http-nio-8080-exec-8] p.g.f.c.a.ExceptionAdvice [ExceptionAdvice.java:24] org.apache.catalina.core.ApplicationFilterChain.internalDoFilter(ApplicationFilterChain.java:189)
2021-08-03 15:49:53,930 ERROR [http-nio-8080-exec-8] p.g.f.c.a.ExceptionAdvice [ExceptionAdvice.java:24] org.apache.catalina.core.ApplicationFilterChain.doFilter(ApplicationFilterChain.java:162)
2021-08-03 15:49:53,930 ERROR [http-nio-8080-exec-8] p.g.f.c.a.ExceptionAdvice [ExceptionAdvice.java:24] org.apache.catalina.core.StandardWrapperValve.invoke(StandardWrapperValve.java:202)
2021-08-03 15:49:53,930 ERROR [http-nio-8080-exec-8] p.g.f.c.a.ExceptionAdvice [ExceptionAdvice.java:24] org.apache.catalina.core.StandardContextValve.invoke(StandardContextValve.java:97)
2021-08-03 15:49:53,931 ERROR [http-nio-8080-exec-8] p.g.f.c.a.ExceptionAdvice [ExceptionAdvice.java:24] org.apache.catalina.authenticator.AuthenticatorBase.invoke(AuthenticatorBase.java:542)
2021-08-03 15:49:53,931 ERROR [http-nio-8080-exec-8] p.g.f.c.a.ExceptionAdvice [ExceptionAdvice.java:24] org.apache.catalina.core.StandardHostValve.invoke(StandardHostValve.java:143)
2021-08-03 15:49:53,931 ERROR [http-nio-8080-exec-8] p.g.f.c.a.ExceptionAdvice [ExceptionAdvice.java:24] org.apache.catalina.valves.ErrorReportValve.invoke(ErrorReportValve.java:92)
2021-08-03 15:49:53,931 ERROR [http-nio-8080-exec-8] p.g.f.c.a.ExceptionAdvice [ExceptionAdvice.java:24] org.apache.catalina.core.StandardEngineValve.invoke(StandardEngineValve.java:78)
2021-08-03 15:49:53,931 ERROR [http-nio-8080-exec-8] p.g.f.c.a.ExceptionAdvice [ExceptionAdvice.java:24] org.apache.catalina.connector.CoyoteAdapter.service(CoyoteAdapter.java:357)
2021-08-03 15:49:53,931 ERROR [http-nio-8080-exec-8] p.g.f.c.a.ExceptionAdvice [ExceptionAdvice.java:24] org.apache.coyote.http11.Http11Processor.service(Http11Processor.java:374)
2021-08-03 15:49:53,931 ERROR [http-nio-8080-exec-8] p.g.f.c.a.ExceptionAdvice [ExceptionAdvice.java:24] org.apache.coyote.AbstractProcessorLight.process(AbstractProcessorLight.java:65)
2021-08-03 15:49:53,931 ERROR [http-nio-8080-exec-8] p.g.f.c.a.ExceptionAdvice [ExceptionAdvice.java:24] org.apache.coyote.AbstractProtocol$ConnectionHandler.process(AbstractProtocol.java:893)
2021-08-03 15:49:53,932 ERROR [http-nio-8080-exec-8] p.g.f.c.a.ExceptionAdvice [ExceptionAdvice.java:24] org.apache.tomcat.util.net.NioEndpoint$SocketProcessor.doRun(NioEndpoint.java:1707)
2021-08-03 15:49:53,932 ERROR [http-nio-8080-exec-8] p.g.f.c.a.ExceptionAdvice [ExceptionAdvice.java:24] org.apache.tomcat.util.net.SocketProcessorBase.run(SocketProcessorBase.java:49)
2021-08-03 15:49:53,932 ERROR [http-nio-8080-exec-8] p.g.f.c.a.ExceptionAdvice [ExceptionAdvice.java:24] java.util.concurrent.ThreadPoolExecutor.runWorker(ThreadPoolExecutor.java:1149)
2021-08-03 15:49:53,932 ERROR [http-nio-8080-exec-8] p.g.f.c.a.ExceptionAdvice [ExceptionAdvice.java:24] java.util.concurrent.ThreadPoolExecutor$Worker.run(ThreadPoolExecutor.java:624)
2021-08-03 15:49:53,932 ERROR [http-nio-8080-exec-8] p.g.f.c.a.ExceptionAdvice [ExceptionAdvice.java:24] org.apache.tomcat.util.threads.TaskThread$WrappingRunnable.run(TaskThread.java:61)
2021-08-03 15:49:53,932 ERROR [http-nio-8080-exec-8] p.g.f.c.a.ExceptionAdvice [ExceptionAdvice.java:24] java.lang.Thread.run(Thread.java:748)
2021-08-03 18:06:43,095 ERROR [http-nio-8080-exec-6] p.g.f.c.a.ExceptionAdvice [ExceptionAdvice.java:22] 服务器发生异常:Failed to convert value of type 'java.lang.String' to required type 'int'; nested exception is java.lang.NumberFormatException: For input string: "my-post.html"
2021-08-03 18:06:43,096 ERROR [http-nio-8080-exec-6] p.g.f.c.a.ExceptionAdvice [ExceptionAdvice.java:24] org.springframework.web.method.annotation.AbstractNamedValueMethodArgumentResolver.resolveArgument(AbstractNamedValueMethodArgumentResolver.java:133)
2021-08-03 18:06:43,096 ERROR [http-nio-8080-exec-6] p.g.f.c.a.ExceptionAdvice [ExceptionAdvice.java:24] org.springframework.web.method.support.HandlerMethodArgumentResolverComposite.resolveArgument(HandlerMethodArgumentResolverComposite.java:121)
2021-08-03 18:06:43,096 ERROR [http-nio-8080-exec-6] p.g.f.c.a.ExceptionAdvice [ExceptionAdvice.java:24] org.springframework.web.method.support.InvocableHandlerMethod.getMethodArgumentValues(InvocableHandlerMethod.java:170)
2021-08-03 18:06:43,096 ERROR [http-nio-8080-exec-6] p.g.f.c.a.ExceptionAdvice [ExceptionAdvice.java:24] org.springframework.web.method.support.InvocableHandlerMethod.invokeForRequest(InvocableHandlerMethod.java:137)
2021-08-03 18:06:43,097 ERROR [http-nio-8080-exec-6] p.g.f.c.a.ExceptionAdvice [ExceptionAdvice.java:24] org.springframework.web.servlet.mvc.method.annotation.ServletInvocableHandlerMethod.invokeAndHandle(ServletInvocableHandlerMethod.java:106)
2021-08-03 18:06:43,097 ERROR [http-nio-8080-exec-6] p.g.f.c.a.ExceptionAdvice [ExceptionAdvice.java:24] org.springframework.web.servlet.mvc.method.annotation.RequestMappingHandlerAdapter.invokeHandlerMethod(RequestMappingHandlerAdapter.java:894)
2021-08-03 18:06:43,097 ERROR [http-nio-8080-exec-6] p.g.f.c.a.ExceptionAdvice [ExceptionAdvice.java:24] org.springframework.web.servlet.mvc.method.annotation.RequestMappingHandlerAdapter.handleInternal(RequestMappingHandlerAdapter.java:808)
2021-08-03 18:06:43,097 ERROR [http-nio-8080-exec-6] p.g.f.c.a.ExceptionAdvice [ExceptionAdvice.java:24] org.springframework.web.servlet.mvc.method.AbstractHandlerMethodAdapter.handle(AbstractHandlerMethodAdapter.java:87)
2021-08-03 18:06:43,097 ERROR [http-nio-8080-exec-6] p.g.f.c.a.ExceptionAdvice [ExceptionAdvice.java:24] org.springframework.web.servlet.DispatcherServlet.doDispatch(DispatcherServlet.java:1063)
2021-08-03 18:06:43,097 ERROR [http-nio-8080-exec-6] p.g.f.c.a.ExceptionAdvice [ExceptionAdvice.java:24] org.springframework.web.servlet.DispatcherServlet.doService(DispatcherServlet.java:963)
2021-08-03 18:06:43,097 ERROR [http-nio-8080-exec-6] p.g.f.c.a.ExceptionAdvice [ExceptionAdvice.java:24] org.springframework.web.servlet.FrameworkServlet.processRequest(FrameworkServlet.java:1006)
2021-08-03 18:06:43,098 ERROR [http-nio-8080-exec-6] p.g.f.c.a.ExceptionAdvice [ExceptionAdvice.java:24] org.springframework.web.servlet.FrameworkServlet.doGet(FrameworkServlet.java:898)
2021-08-03 18:06:43,098 ERROR [http-nio-8080-exec-6] p.g.f.c.a.ExceptionAdvice [ExceptionAdvice.java:24] javax.servlet.http.HttpServlet.service(HttpServlet.java:626)
2021-08-03 18:06:43,098 ERROR [http-nio-8080-exec-6] p.g.f.c.a.ExceptionAdvice [ExceptionAdvice.java:24] org.springframework.web.servlet.FrameworkServlet.service(FrameworkServlet.java:883)
2021-08-03 18:06:43,098 ERROR [http-nio-8080-exec-6] p.g.f.c.a.ExceptionAdvice [ExceptionAdvice.java:24] javax.servlet.http.HttpServlet.service(HttpServlet.java:733)
2021-08-03 18:06:43,098 ERROR [http-nio-8080-exec-6] p.g.f.c.a.ExceptionAdvice [ExceptionAdvice.java:24] org.apache.catalina.core.ApplicationFilterChain.internalDoFilter(ApplicationFilterChain.java:227)
2021-08-03 18:06:43,098 ERROR [http-nio-8080-exec-6] p.g.f.c.a.ExceptionAdvice [ExceptionAdvice.java:24] org.apache.catalina.core.ApplicationFilterChain.doFilter(ApplicationFilterChain.java:162)
2021-08-03 18:06:43,098 ERROR [http-nio-8080-exec-6] p.g.f.c.a.ExceptionAdvice [ExceptionAdvice.java:24] org.apache.tomcat.websocket.server.WsFilter.doFilter(WsFilter.java:53)
2021-08-03 18:06:43,099 ERROR [http-nio-8080-exec-6] p.g.f.c.a.ExceptionAdvice [ExceptionAdvice.java:24] org.apache.catalina.core.ApplicationFilterChain.internalDoFilter(ApplicationFilterChain.java:189)
2021-08-03 18:06:43,099 ERROR [http-nio-8080-exec-6] p.g.f.c.a.ExceptionAdvice [ExceptionAdvice.java:24] org.apache.catalina.core.ApplicationFilterChain.doFilter(ApplicationFilterChain.java:162)
2021-08-03 18:06:43,099 ERROR [http-nio-8080-exec-6] p.g.f.c.a.ExceptionAdvice [ExceptionAdvice.java:24] org.springframework.web.filter.RequestContextFilter.doFilterInternal(RequestContextFilter.java:100)
2021-08-03 18:06:43,099 ERROR [http-nio-8080-exec-6] p.g.f.c.a.ExceptionAdvice [ExceptionAdvice.java:24] org.springframework.web.filter.OncePerRequestFilter.doFilter(OncePerRequestFilter.java:119)
2021-08-03 18:06:43,099 ERROR [http-nio-8080-exec-6] p.g.f.c.a.ExceptionAdvice [ExceptionAdvice.java:24] org.apache.catalina.core.ApplicationFilterChain.internalDoFilter(ApplicationFilterChain.java:189)
2021-08-03 18:06:43,099 ERROR [http-nio-8080-exec-6] p.g.f.c.a.ExceptionAdvice [ExceptionAdvice.java:24] org.apache.catalina.core.ApplicationFilterChain.doFilter(ApplicationFilterChain.java:162)
2021-08-03 18:06:43,100 ERROR [http-nio-8080-exec-6] p.g.f.c.a.ExceptionAdvice [ExceptionAdvice.java:24] org.springframework.web.filter.FormContentFilter.doFilterInternal(FormContentFilter.java:93)
2021-08-03 18:06:43,100 ERROR [http-nio-8080-exec-6] p.g.f.c.a.ExceptionAdvice [ExceptionAdvice.java:24] org.springframework.web.filter.OncePerRequestFilter.doFilter(OncePerRequestFilter.java:119)
2021-08-03 18:06:43,100 ERROR [http-nio-8080-exec-6] p.g.f.c.a.ExceptionAdvice [ExceptionAdvice.java:24] org.apache.catalina.core.ApplicationFilterChain.internalDoFilter(ApplicationFilterChain.java:189)
2021-08-03 18:06:43,100 ERROR [http-nio-8080-exec-6] p.g.f.c.a.ExceptionAdvice [ExceptionAdvice.java:24] org.apache.catalina.core.ApplicationFilterChain.doFilter(ApplicationFilterChain.java:162)
2021-08-03 18:06:43,100 ERROR [http-nio-8080-exec-6] p.g.f.c.a.ExceptionAdvice [ExceptionAdvice.java:24] org.springframework.web.filter.CharacterEncodingFilter.doFilterInternal(CharacterEncodingFilter.java:201)
2021-08-03 18:06:43,100 ERROR [http-nio-8080-exec-6] p.g.f.c.a.ExceptionAdvice [ExceptionAdvice.java:24] org.springframework.web.filter.OncePerRequestFilter.doFilter(OncePerRequestFilter.java:119)
2021-08-03 18:06:43,100 ERROR [http-nio-8080-exec-6] p.g.f.c.a.ExceptionAdvice [ExceptionAdvice.java:24] org.apache.catalina.core.ApplicationFilterChain.internalDoFilter(ApplicationFilterChain.java:189)
2021-08-03 18:06:43,101 ERROR [http-nio-8080-exec-6] p.g.f.c.a.ExceptionAdvice [ExceptionAdvice.java:24] org.apache.catalina.core.ApplicationFilterChain.doFilter(ApplicationFilterChain.java:162)
2021-08-03 18:06:43,101 ERROR [http-nio-8080-exec-6] p.g.f.c.a.ExceptionAdvice [ExceptionAdvice.java:24] org.apache.catalina.core.StandardWrapperValve.invoke(StandardWrapperValve.java:202)
2021-08-03 18:06:43,101 ERROR [http-nio-8080-exec-6] p.g.f.c.a.ExceptionAdvice [ExceptionAdvice.java:24] org.apache.catalina.core.StandardContextValve.invoke(StandardContextValve.java:97)
2021-08-03 18:06:43,101 ERROR [http-nio-8080-exec-6] p.g.f.c.a.ExceptionAdvice [ExceptionAdvice.java:24] org.apache.catalina.authenticator.AuthenticatorBase.invoke(AuthenticatorBase.java:542)
2021-08-03 18:06:43,101 ERROR [http-nio-8080-exec-6] p.g.f.c.a.ExceptionAdvice [ExceptionAdvice.java:24] org.apache.catalina.core.StandardHostValve.invoke(StandardHostValve.java:143)
2021-08-03 18:06:43,101 ERROR [http-nio-8080-exec-6] p.g.f.c.a.ExceptionAdvice [ExceptionAdvice.java:24] org.apache.catalina.valves.ErrorReportValve.invoke(ErrorReportValve.java:92)
2021-08-03 18:06:43,101 ERROR [http-nio-8080-exec-6] p.g.f.c.a.ExceptionAdvice [ExceptionAdvice.java:24] org.apache.catalina.core.StandardEngineValve.invoke(StandardEngineValve.java:78)
2021-08-03 18:06:43,102 ERROR [http-nio-8080-exec-6] p.g.f.c.a.ExceptionAdvice [ExceptionAdvice.java:24] org.apache.catalina.connector.CoyoteAdapter.service(CoyoteAdapter.java:357)
2021-08-03 18:06:43,102 ERROR [http-nio-8080-exec-6] p.g.f.c.a.ExceptionAdvice [ExceptionAdvice.java:24] org.apache.coyote.http11.Http11Processor.service(Http11Processor.java:374)
2021-08-03 18:06:43,102 ERROR [http-nio-8080-exec-6] p.g.f.c.a.ExceptionAdvice [ExceptionAdvice.java:24] org.apache.coyote.AbstractProcessorLight.process(AbstractProcessorLight.java:65)
2021-08-03 18:06:43,102 ERROR [http-nio-8080-exec-6] p.g.f.c.a.ExceptionAdvice [ExceptionAdvice.java:24] org.apache.coyote.AbstractProtocol$ConnectionHandler.process(AbstractProtocol.java:893)
2021-08-03 18:06:43,102 ERROR [http-nio-8080-exec-6] p.g.f.c.a.ExceptionAdvice [ExceptionAdvice.java:24] org.apache.tomcat.util.net.NioEndpoint$SocketProcessor.doRun(NioEndpoint.java:1707)
2021-08-03 18:06:43,102 ERROR [http-nio-8080-exec-6] p.g.f.c.a.ExceptionAdvice [ExceptionAdvice.java:24] org.apache.tomcat.util.net.SocketProcessorBase.run(SocketProcessorBase.java:49)
2021-08-03 18:06:43,102 ERROR [http-nio-8080-exec-6] p.g.f.c.a.ExceptionAdvice [ExceptionAdvice.java:24] java.util.concurrent.ThreadPoolExecutor.runWorker(ThreadPoolExecutor.java:1149)
2021-08-03 18:06:43,103 ERROR [http-nio-8080-exec-6] p.g.f.c.a.ExceptionAdvice [ExceptionAdvice.java:24] java.util.concurrent.ThreadPoolExecutor$Worker.run(ThreadPoolExecutor.java:624)
2021-08-03 18:06:43,103 ERROR [http-nio-8080-exec-6] p.g.f.c.a.ExceptionAdvice [ExceptionAdvice.java:24] org.apache.tomcat.util.threads.TaskThread$WrappingRunnable.run(TaskThread.java:61)
2021-08-03 18:06:43,103 ERROR [http-nio-8080-exec-6] p.g.f.c.a.ExceptionAdvice [ExceptionAdvice.java:24] java.lang.Thread.run(Thread.java:748)
2021-08-03 18:08:24,471 ERROR [http-nio-8080-exec-5] p.g.f.c.a.ExceptionAdvice [ExceptionAdvice.java:22] 服务器发生异常:Failed to convert value of type 'java.lang.String' to required type 'int'; nested exception is java.lang.NumberFormatException: For input string: "my-post.html"
2021-08-03 18:08:24,472 ERROR [http-nio-8080-exec-5] p.g.f.c.a.ExceptionAdvice [ExceptionAdvice.java:24] org.springframework.web.method.annotation.AbstractNamedValueMethodArgumentResolver.resolveArgument(AbstractNamedValueMethodArgumentResolver.java:133)
2021-08-03 18:08:24,472 ERROR [http-nio-8080-exec-5] p.g.f.c.a.ExceptionAdvice [ExceptionAdvice.java:24] org.springframework.web.method.support.HandlerMethodArgumentResolverComposite.resolveArgument(HandlerMethodArgumentResolverComposite.java:121)
2021-08-03 18:08:24,472 ERROR [http-nio-8080-exec-5] p.g.f.c.a.ExceptionAdvice [ExceptionAdvice.java:24] org.springframework.web.method.support.InvocableHandlerMethod.getMethodArgumentValues(InvocableHandlerMethod.java:170)
2021-08-03 18:08:24,473 ERROR [http-nio-8080-exec-5] p.g.f.c.a.ExceptionAdvice [ExceptionAdvice.java:24] org.springframework.web.method.support.InvocableHandlerMethod.invokeForRequest(InvocableHandlerMethod.java:137)
2021-08-03 18:08:24,473 ERROR [http-nio-8080-exec-5] p.g.f.c.a.ExceptionAdvice [ExceptionAdvice.java:24] org.springframework.web.servlet.mvc.method.annotation.ServletInvocableHandlerMethod.invokeAndHandle(ServletInvocableHandlerMethod.java:106)
2021-08-03 18:08:24,473 ERROR [http-nio-8080-exec-5] p.g.f.c.a.ExceptionAdvice [ExceptionAdvice.java:24] org.springframework.web.servlet.mvc.method.annotation.RequestMappingHandlerAdapter.invokeHandlerMethod(RequestMappingHandlerAdapter.java:894)
2021-08-03 18:08:24,474 ERROR [http-nio-8080-exec-5] p.g.f.c.a.ExceptionAdvice [ExceptionAdvice.java:24] org.springframework.web.servlet.mvc.method.annotation.RequestMappingHandlerAdapter.handleInternal(RequestMappingHandlerAdapter.java:808)
2021-08-03 18:08:24,474 ERROR [http-nio-8080-exec-5] p.g.f.c.a.ExceptionAdvice [ExceptionAdvice.java:24] org.springframework.web.servlet.mvc.method.AbstractHandlerMethodAdapter.handle(AbstractHandlerMethodAdapter.java:87)
2021-08-03 18:08:24,474 ERROR [http-nio-8080-exec-5] p.g.f.c.a.ExceptionAdvice [ExceptionAdvice.java:24] org.springframework.web.servlet.DispatcherServlet.doDispatch(DispatcherServlet.java:1063)
2021-08-03 18:08:24,474 ERROR [http-nio-8080-exec-5] p.g.f.c.a.ExceptionAdvice [ExceptionAdvice.java:24] org.springframework.web.servlet.DispatcherServlet.doService(DispatcherServlet.java:963)
2021-08-03 18:08:24,474 ERROR [http-nio-8080-exec-5] p.g.f.c.a.ExceptionAdvice [ExceptionAdvice.java:24] org.springframework.web.servlet.FrameworkServlet.processRequest(FrameworkServlet.java:1006)
2021-08-03 18:08:24,474 ERROR [http-nio-8080-exec-5] p.g.f.c.a.ExceptionAdvice [ExceptionAdvice.java:24] org.springframework.web.servlet.FrameworkServlet.doGet(FrameworkServlet.java:898)
2021-08-03 18:08:24,475 ERROR [http-nio-8080-exec-5] p.g.f.c.a.ExceptionAdvice [ExceptionAdvice.java:24] javax.servlet.http.HttpServlet.service(HttpServlet.java:626)
2021-08-03 18:08:24,475 ERROR [http-nio-8080-exec-5] p.g.f.c.a.ExceptionAdvice [ExceptionAdvice.java:24] org.springframework.web.servlet.FrameworkServlet.service(FrameworkServlet.java:883)
2021-08-03 18:08:24,475 ERROR [http-nio-8080-exec-5] p.g.f.c.a.ExceptionAdvice [ExceptionAdvice.java:24] javax.servlet.http.HttpServlet.service(HttpServlet.java:733)
2021-08-03 18:08:24,475 ERROR [http-nio-8080-exec-5] p.g.f.c.a.ExceptionAdvice [ExceptionAdvice.java:24] org.apache.catalina.core.ApplicationFilterChain.internalDoFilter(ApplicationFilterChain.java:227)
2021-08-03 18:08:24,475 ERROR [http-nio-8080-exec-5] p.g.f.c.a.ExceptionAdvice [ExceptionAdvice.java:24] org.apache.catalina.core.ApplicationFilterChain.doFilter(ApplicationFilterChain.java:162)
2021-08-03 18:08:24,475 ERROR [http-nio-8080-exec-5] p.g.f.c.a.ExceptionAdvice [ExceptionAdvice.java:24] org.apache.tomcat.websocket.server.WsFilter.doFilter(WsFilter.java:53)
2021-08-03 18:08:24,475 ERROR [http-nio-8080-exec-5] p.g.f.c.a.ExceptionAdvice [ExceptionAdvice.java:24] org.apache.catalina.core.ApplicationFilterChain.internalDoFilter(ApplicationFilterChain.java:189)
2021-08-03 18:08:24,475 ERROR [http-nio-8080-exec-5] p.g.f.c.a.ExceptionAdvice [ExceptionAdvice.java:24] org.apache.catalina.core.ApplicationFilterChain.doFilter(ApplicationFilterChain.java:162)
2021-08-03 18:08:24,476 ERROR [http-nio-8080-exec-5] p.g.f.c.a.ExceptionAdvice [ExceptionAdvice.java:24] org.springframework.web.filter.RequestContextFilter.doFilterInternal(RequestContextFilter.java:100)
2021-08-03 18:08:24,476 ERROR [http-nio-8080-exec-5] p.g.f.c.a.ExceptionAdvice [ExceptionAdvice.java:24] org.springframework.web.filter.OncePerRequestFilter.doFilter(OncePerRequestFilter.java:119)
2021-08-03 18:08:24,476 ERROR [http-nio-8080-exec-5] p.g.f.c.a.ExceptionAdvice [ExceptionAdvice.java:24] org.apache.catalina.core.ApplicationFilterChain.internalDoFilter(ApplicationFilterChain.java:189)
2021-08-03 18:08:24,476 ERROR [http-nio-8080-exec-5] p.g.f.c.a.ExceptionAdvice [ExceptionAdvice.java:24] org.apache.catalina.core.ApplicationFilterChain.doFilter(ApplicationFilterChain.java:162)
2021-08-03 18:08:24,476 ERROR [http-nio-8080-exec-5] p.g.f.c.a.ExceptionAdvice [ExceptionAdvice.java:24] org.springframework.web.filter.FormContentFilter.doFilterInternal(FormContentFilter.java:93)
2021-08-03 18:08:24,476 ERROR [http-nio-8080-exec-5] p.g.f.c.a.ExceptionAdvice [ExceptionAdvice.java:24] org.springframework.web.filter.OncePerRequestFilter.doFilter(OncePerRequestFilter.java:119)
2021-08-03 18:08:24,476 ERROR [http-nio-8080-exec-5] p.g.f.c.a.ExceptionAdvice [ExceptionAdvice.java:24] org.apache.catalina.core.ApplicationFilterChain.internalDoFilter(ApplicationFilterChain.java:189)
2021-08-03 18:08:24,477 ERROR [http-nio-8080-exec-5] p.g.f.c.a.ExceptionAdvice [ExceptionAdvice.java:24] org.apache.catalina.core.ApplicationFilterChain.doFilter(ApplicationFilterChain.java:162)
2021-08-03 18:08:24,477 ERROR [http-nio-8080-exec-5] p.g.f.c.a.ExceptionAdvice [ExceptionAdvice.java:24] org.springframework.web.filter.CharacterEncodingFilter.doFilterInternal(CharacterEncodingFilter.java:201)
2021-08-03 18:08:24,477 ERROR [http-nio-8080-exec-5] p.g.f.c.a.ExceptionAdvice [ExceptionAdvice.java:24] org.springframework.web.filter.OncePerRequestFilter.doFilter(OncePerRequestFilter.java:119)
2021-08-03 18:08:24,477 ERROR [http-nio-8080-exec-5] p.g.f.c.a.ExceptionAdvice [ExceptionAdvice.java:24] org.apache.catalina.core.ApplicationFilterChain.internalDoFilter(ApplicationFilterChain.java:189)
2021-08-03 18:08:24,477 ERROR [http-nio-8080-exec-5] p.g.f.c.a.ExceptionAdvice [ExceptionAdvice.java:24] org.apache.catalina.core.ApplicationFilterChain.doFilter(ApplicationFilterChain.java:162)
2021-08-03 18:08:24,477 ERROR [http-nio-8080-exec-5] p.g.f.c.a.ExceptionAdvice [ExceptionAdvice.java:24] org.apache.catalina.core.StandardWrapperValve.invoke(StandardWrapperValve.java:202)
2021-08-03 18:08:24,477 ERROR [http-nio-8080-exec-5] p.g.f.c.a.ExceptionAdvice [ExceptionAdvice.java:24] org.apache.catalina.core.StandardContextValve.invoke(StandardContextValve.java:97)
2021-08-03 18:08:24,478 ERROR [http-nio-8080-exec-5] p.g.f.c.a.ExceptionAdvice [ExceptionAdvice.java:24] org.apache.catalina.authenticator.AuthenticatorBase.invoke(AuthenticatorBase.java:542)
2021-08-03 18:08:24,478 ERROR [http-nio-8080-exec-5] p.g.f.c.a.ExceptionAdvice [ExceptionAdvice.java:24] org.apache.catalina.core.StandardHostValve.invoke(StandardHostValve.java:143)
2021-08-03 18:08:24,478 ERROR [http-nio-8080-exec-5] p.g.f.c.a.ExceptionAdvice [ExceptionAdvice.java:24] org.apache.catalina.valves.ErrorReportValve.invoke(ErrorReportValve.java:92)
2021-08-03 18:08:24,478 ERROR [http-nio-8080-exec-5] p.g.f.c.a.ExceptionAdvice [ExceptionAdvice.java:24] org.apache.catalina.core.StandardEngineValve.invoke(StandardEngineValve.java:78)
2021-08-03 18:08:24,478 ERROR [http-nio-8080-exec-5] p.g.f.c.a.ExceptionAdvice [ExceptionAdvice.java:24] org.apache.catalina.connector.CoyoteAdapter.service(CoyoteAdapter.java:357)
2021-08-03 18:08:24,478 ERROR [http-nio-8080-exec-5] p.g.f.c.a.ExceptionAdvice [ExceptionAdvice.java:24] org.apache.coyote.http11.Http11Processor.service(Http11Processor.java:374)
2021-08-03 18:08:24,478 ERROR [http-nio-8080-exec-5] p.g.f.c.a.ExceptionAdvice [ExceptionAdvice.java:24] org.apache.coyote.AbstractProcessorLight.process(AbstractProcessorLight.java:65)
2021-08-03 18:08:24,479 ERROR [http-nio-8080-exec-5] p.g.f.c.a.ExceptionAdvice [ExceptionAdvice.java:24] org.apache.coyote.AbstractProtocol$ConnectionHandler.process(AbstractProtocol.java:893)
2021-08-03 18:08:24,479 ERROR [http-nio-8080-exec-5] p.g.f.c.a.ExceptionAdvice [ExceptionAdvice.java:24] org.apache.tomcat.util.net.NioEndpoint$SocketProcessor.doRun(NioEndpoint.java:1707)
2021-08-03 18:08:24,479 ERROR [http-nio-8080-exec-5] p.g.f.c.a.ExceptionAdvice [ExceptionAdvice.java:24] org.apache.tomcat.util.net.SocketProcessorBase.run(SocketProcessorBase.java:49)
2021-08-03 18:08:24,479 ERROR [http-nio-8080-exec-5] p.g.f.c.a.ExceptionAdvice [ExceptionAdvice.java:24] java.util.concurrent.ThreadPoolExecutor.runWorker(ThreadPoolExecutor.java:1149)
2021-08-03 18:08:24,479 ERROR [http-nio-8080-exec-5] p.g.f.c.a.ExceptionAdvice [ExceptionAdvice.java:24] java.util.concurrent.ThreadPoolExecutor$Worker.run(ThreadPoolExecutor.java:624)
2021-08-03 18:08:24,479 ERROR [http-nio-8080-exec-5] p.g.f.c.a.ExceptionAdvice [ExceptionAdvice.java:24] org.apache.tomcat.util.threads.TaskThread$WrappingRunnable.run(TaskThread.java:61)
2021-08-03 18:08:24,479 ERROR [http-nio-8080-exec-5] p.g.f.c.a.ExceptionAdvice [ExceptionAdvice.java:24] java.lang.Thread.run(Thread.java:748)
2021-08-03 18:08:37,925 ERROR [http-nio-8080-exec-4] p.g.f.c.a.ExceptionAdvice [ExceptionAdvice.java:22] 服务器发生异常:Failed to convert value of type 'java.lang.String' to required type 'int'; nested exception is java.lang.NumberFormatException: For input string: "my-post.html"
2021-08-03 18:08:37,925 ERROR [http-nio-8080-exec-4] p.g.f.c.a.ExceptionAdvice [ExceptionAdvice.java:24] org.springframework.web.method.annotation.AbstractNamedValueMethodArgumentResolver.resolveArgument(AbstractNamedValueMethodArgumentResolver.java:133)
2021-08-03 18:08:37,925 ERROR [http-nio-8080-exec-4] p.g.f.c.a.ExceptionAdvice [ExceptionAdvice.java:24] org.springframework.web.method.support.HandlerMethodArgumentResolverComposite.resolveArgument(HandlerMethodArgumentResolverComposite.java:121)
2021-08-03 18:08:37,926 ERROR [http-nio-8080-exec-4] p.g.f.c.a.ExceptionAdvice [ExceptionAdvice.java:24] org.springframework.web.method.support.InvocableHandlerMethod.getMethodArgumentValues(InvocableHandlerMethod.java:170)
2021-08-03 18:08:37,926 ERROR [http-nio-8080-exec-4] p.g.f.c.a.ExceptionAdvice [ExceptionAdvice.java:24] org.springframework.web.method.support.InvocableHandlerMethod.invokeForRequest(InvocableHandlerMethod.java:137)
2021-08-03 18:08:37,926 ERROR [http-nio-8080-exec-4] p.g.f.c.a.ExceptionAdvice [ExceptionAdvice.java:24] org.springframework.web.servlet.mvc.method.annotation.ServletInvocableHandlerMethod.invokeAndHandle(ServletInvocableHandlerMethod.java:106)
2021-08-03 18:08:37,926 ERROR [http-nio-8080-exec-4] p.g.f.c.a.ExceptionAdvice [ExceptionAdvice.java:24] org.springframework.web.servlet.mvc.method.annotation.RequestMappingHandlerAdapter.invokeHandlerMethod(RequestMappingHandlerAdapter.java:894)
2021-08-03 18:08:37,926 ERROR [http-nio-8080-exec-4] p.g.f.c.a.ExceptionAdvice [ExceptionAdvice.java:24] org.springframework.web.servlet.mvc.method.annotation.RequestMappingHandlerAdapter.handleInternal(RequestMappingHandlerAdapter.java:808)
2021-08-03 18:08:37,926 ERROR [http-nio-8080-exec-4] p.g.f.c.a.ExceptionAdvice [ExceptionAdvice.java:24] org.springframework.web.servlet.mvc.method.AbstractHandlerMethodAdapter.handle(AbstractHandlerMethodAdapter.java:87)
2021-08-03 18:08:37,926 ERROR [http-nio-8080-exec-4] p.g.f.c.a.ExceptionAdvice [ExceptionAdvice.java:24] org.springframework.web.servlet.DispatcherServlet.doDispatch(DispatcherServlet.java:1063)
2021-08-03 18:08:37,927 ERROR [http-nio-8080-exec-4] p.g.f.c.a.ExceptionAdvice [ExceptionAdvice.java:24] org.springframework.web.servlet.DispatcherServlet.doService(DispatcherServlet.java:963)
2021-08-03 18:08:37,927 ERROR [http-nio-8080-exec-4] p.g.f.c.a.ExceptionAdvice [ExceptionAdvice.java:24] org.springframework.web.servlet.FrameworkServlet.processRequest(FrameworkServlet.java:1006)
2021-08-03 18:08:37,927 ERROR [http-nio-8080-exec-4] p.g.f.c.a.ExceptionAdvice [ExceptionAdvice.java:24] org.springframework.web.servlet.FrameworkServlet.doGet(FrameworkServlet.java:898)
2021-08-03 18:08:37,927 ERROR [http-nio-8080-exec-4] p.g.f.c.a.ExceptionAdvice [ExceptionAdvice.java:24] javax.servlet.http.HttpServlet.service(HttpServlet.java:626)
2021-08-03 18:08:37,927 ERROR [http-nio-8080-exec-4] p.g.f.c.a.ExceptionAdvice [ExceptionAdvice.java:24] org.springframework.web.servlet.FrameworkServlet.service(FrameworkServlet.java:883)
2021-08-03 18:08:37,928 ERROR [http-nio-8080-exec-4] p.g.f.c.a.ExceptionAdvice [ExceptionAdvice.java:24] javax.servlet.http.HttpServlet.service(HttpServlet.java:733)
2021-08-03 18:08:37,928 ERROR [http-nio-8080-exec-4] p.g.f.c.a.ExceptionAdvice [ExceptionAdvice.java:24] org.apache.catalina.core.ApplicationFilterChain.internalDoFilter(ApplicationFilterChain.java:227)
2021-08-03 18:08:37,928 ERROR [http-nio-8080-exec-4] p.g.f.c.a.ExceptionAdvice [ExceptionAdvice.java:24] org.apache.catalina.core.ApplicationFilterChain.doFilter(ApplicationFilterChain.java:162)
2021-08-03 18:08:37,928 ERROR [http-nio-8080-exec-4] p.g.f.c.a.ExceptionAdvice [ExceptionAdvice.java:24] org.apache.tomcat.websocket.server.WsFilter.doFilter(WsFilter.java:53)
2021-08-03 18:08:37,929 ERROR [http-nio-8080-exec-4] p.g.f.c.a.ExceptionAdvice [ExceptionAdvice.java:24] org.apache.catalina.core.ApplicationFilterChain.internalDoFilter(ApplicationFilterChain.java:189)
2021-08-03 18:08:37,929 ERROR [http-nio-8080-exec-4] p.g.f.c.a.ExceptionAdvice [ExceptionAdvice.java:24] org.apache.catalina.core.ApplicationFilterChain.doFilter(ApplicationFilterChain.java:162)
2021-08-03 18:08:37,929 ERROR [http-nio-8080-exec-4] p.g.f.c.a.ExceptionAdvice [ExceptionAdvice.java:24] org.springframework.web.filter.RequestContextFilter.doFilterInternal(RequestContextFilter.java:100)
2021-08-03 18:08:37,929 ERROR [http-nio-8080-exec-4] p.g.f.c.a.ExceptionAdvice [ExceptionAdvice.java:24] org.springframework.web.filter.OncePerRequestFilter.doFilter(OncePerRequestFilter.java:119)
2021-08-03 18:08:37,929 ERROR [http-nio-8080-exec-4] p.g.f.c.a.ExceptionAdvice [ExceptionAdvice.java:24] org.apache.catalina.core.ApplicationFilterChain.internalDoFilter(ApplicationFilterChain.java:189)
2021-08-03 18:08:37,929 ERROR [http-nio-8080-exec-4] p.g.f.c.a.ExceptionAdvice [ExceptionAdvice.java:24] org.apache.catalina.core.ApplicationFilterChain.doFilter(ApplicationFilterChain.java:162)
2021-08-03 18:08:37,929 ERROR [http-nio-8080-exec-4] p.g.f.c.a.ExceptionAdvice [ExceptionAdvice.java:24] org.springframework.web.filter.FormContentFilter.doFilterInternal(FormContentFilter.java:93)
2021-08-03 18:08:37,930 ERROR [http-nio-8080-exec-4] p.g.f.c.a.ExceptionAdvice [ExceptionAdvice.java:24] org.springframework.web.filter.OncePerRequestFilter.doFilter(OncePerRequestFilter.java:119)
2021-08-03 18:08:37,930 ERROR [http-nio-8080-exec-4] p.g.f.c.a.ExceptionAdvice [ExceptionAdvice.java:24] org.apache.catalina.core.ApplicationFilterChain.internalDoFilter(ApplicationFilterChain.java:189)
2021-08-03 18:08:37,930 ERROR [http-nio-8080-exec-4] p.g.f.c.a.ExceptionAdvice [ExceptionAdvice.java:24] org.apache.catalina.core.ApplicationFilterChain.doFilter(ApplicationFilterChain.java:162)
2021-08-03 18:08:37,930 ERROR [http-nio-8080-exec-4] p.g.f.c.a.ExceptionAdvice [ExceptionAdvice.java:24] org.springframework.web.filter.CharacterEncodingFilter.doFilterInternal(CharacterEncodingFilter.java:201)
2021-08-03 18:08:37,930 ERROR [http-nio-8080-exec-4] p.g.f.c.a.ExceptionAdvice [ExceptionAdvice.java:24] org.springframework.web.filter.OncePerRequestFilter.doFilter(OncePerRequestFilter.java:119)
2021-08-03 18:08:37,930 ERROR [http-nio-8080-exec-4] p.g.f.c.a.ExceptionAdvice [ExceptionAdvice.java:24] org.apache.catalina.core.ApplicationFilterChain.internalDoFilter(ApplicationFilterChain.java:189)
2021-08-03 18:08:37,930 ERROR [http-nio-8080-exec-4] p.g.f.c.a.ExceptionAdvice [ExceptionAdvice.java:24] org.apache.catalina.core.ApplicationFilterChain.doFilter(ApplicationFilterChain.java:162)
2021-08-03 18:08:37,931 ERROR [http-nio-8080-exec-4] p.g.f.c.a.ExceptionAdvice [ExceptionAdvice.java:24] org.apache.catalina.core.StandardWrapperValve.invoke(StandardWrapperValve.java:202)
2021-08-03 18:08:37,931 ERROR [http-nio-8080-exec-4] p.g.f.c.a.ExceptionAdvice [ExceptionAdvice.java:24] org.apache.catalina.core.StandardContextValve.invoke(StandardContextValve.java:97)
2021-08-03 18:08:37,931 ERROR [http-nio-8080-exec-4] p.g.f.c.a.ExceptionAdvice [ExceptionAdvice.java:24] org.apache.catalina.authenticator.AuthenticatorBase.invoke(AuthenticatorBase.java:542)
2021-08-03 18:08:37,931 ERROR [http-nio-8080-exec-4] p.g.f.c.a.ExceptionAdvice [ExceptionAdvice.java:24] org.apache.catalina.core.StandardHostValve.invoke(StandardHostValve.java:143)
2021-08-03 18:08:37,931 ERROR [http-nio-8080-exec-4] p.g.f.c.a.ExceptionAdvice [ExceptionAdvice.java:24] org.apache.catalina.valves.ErrorReportValve.invoke(ErrorReportValve.java:92)
2021-08-03 18:08:37,931 ERROR [http-nio-8080-exec-4] p.g.f.c.a.ExceptionAdvice [ExceptionAdvice.java:24] org.apache.catalina.core.StandardEngineValve.invoke(StandardEngineValve.java:78)
2021-08-03 18:08:37,931 ERROR [http-nio-8080-exec-4] p.g.f.c.a.ExceptionAdvice [ExceptionAdvice.java:24] org.apache.catalina.connector.CoyoteAdapter.service(CoyoteAdapter.java:357)
2021-08-03 18:08:37,931 ERROR [http-nio-8080-exec-4] p.g.f.c.a.ExceptionAdvice [ExceptionAdvice.java:24] org.apache.coyote.http11.Http11Processor.service(Http11Processor.java:374)
2021-08-03 18:08:37,932 ERROR [http-nio-8080-exec-4] p.g.f.c.a.ExceptionAdvice [ExceptionAdvice.java:24] org.apache.coyote.AbstractProcessorLight.process(AbstractProcessorLight.java:65)
2021-08-03 18:08:37,932 ERROR [http-nio-8080-exec-4] p.g.f.c.a.ExceptionAdvice [ExceptionAdvice.java:24] org.apache.coyote.AbstractProtocol$ConnectionHandler.process(AbstractProtocol.java:893)
2021-08-03 18:08:37,932 ERROR [http-nio-8080-exec-4] p.g.f.c.a.ExceptionAdvice [ExceptionAdvice.java:24] org.apache.tomcat.util.net.NioEndpoint$SocketProcessor.doRun(NioEndpoint.java:1707)
2021-08-03 18:08:37,932 ERROR [http-nio-8080-exec-4] p.g.f.c.a.ExceptionAdvice [ExceptionAdvice.java:24] org.apache.tomcat.util.net.SocketProcessorBase.run(SocketProcessorBase.java:49)
2021-08-03 18:08:37,932 ERROR [http-nio-8080-exec-4] p.g.f.c.a.ExceptionAdvice [ExceptionAdvice.java:24] java.util.concurrent.ThreadPoolExecutor.runWorker(ThreadPoolExecutor.java:1149)
2021-08-03 18:08:37,932 ERROR [http-nio-8080-exec-4] p.g.f.c.a.ExceptionAdvice [ExceptionAdvice.java:24] java.util.concurrent.ThreadPoolExecutor$Worker.run(ThreadPoolExecutor.java:624)
2021-08-03 18:08:37,932 ERROR [http-nio-8080-exec-4] p.g.f.c.a.ExceptionAdvice [ExceptionAdvice.java:24] org.apache.tomcat.util.threads.TaskThread$WrappingRunnable.run(TaskThread.java:61)
2021-08-03 18:08:37,932 ERROR [http-nio-8080-exec-4] p.g.f.c.a.ExceptionAdvice [ExceptionAdvice.java:24] java.lang.Thread.run(Thread.java:748)
2021-08-03 23:26:45,490 ERROR [http-nio-8080-exec-1] p.g.f.c.a.ExceptionAdvice [ExceptionAdvice.java:22] 服务器发生异常:Failed to convert value of type 'java.lang.String' to required type 'int'; nested exception is java.lang.NumberFormatException: For input string: "my-post.html"
2021-08-03 23:26:45,491 ERROR [http-nio-8080-exec-1] p.g.f.c.a.ExceptionAdvice [ExceptionAdvice.java:24] org.springframework.web.method.annotation.AbstractNamedValueMethodArgumentResolver.resolveArgument(AbstractNamedValueMethodArgumentResolver.java:133)
2021-08-03 23:26:45,491 ERROR [http-nio-8080-exec-1] p.g.f.c.a.ExceptionAdvice [ExceptionAdvice.java:24] org.springframework.web.method.support.HandlerMethodArgumentResolverComposite.resolveArgument(HandlerMethodArgumentResolverComposite.java:121)
2021-08-03 23:26:45,491 ERROR [http-nio-8080-exec-1] p.g.f.c.a.ExceptionAdvice [ExceptionAdvice.java:24] org.springframework.web.method.support.InvocableHandlerMethod.getMethodArgumentValues(InvocableHandlerMethod.java:170)
2021-08-03 23:26:45,491 ERROR [http-nio-8080-exec-1] p.g.f.c.a.ExceptionAdvice [ExceptionAdvice.java:24] org.springframework.web.method.support.InvocableHandlerMethod.invokeForRequest(InvocableHandlerMethod.java:137)
2021-08-03 23:26:45,492 ERROR [http-nio-8080-exec-1] p.g.f.c.a.ExceptionAdvice [ExceptionAdvice.java:24] org.springframework.web.servlet.mvc.method.annotation.ServletInvocableHandlerMethod.invokeAndHandle(ServletInvocableHandlerMethod.java:106)
2021-08-03 23:26:45,492 ERROR [http-nio-8080-exec-1] p.g.f.c.a.ExceptionAdvice [ExceptionAdvice.java:24] org.springframework.web.servlet.mvc.method.annotation.RequestMappingHandlerAdapter.invokeHandlerMethod(RequestMappingHandlerAdapter.java:894)
2021-08-03 23:26:45,492 ERROR [http-nio-8080-exec-1] p.g.f.c.a.ExceptionAdvice [ExceptionAdvice.java:24] org.springframework.web.servlet.mvc.method.annotation.RequestMappingHandlerAdapter.handleInternal(RequestMappingHandlerAdapter.java:808)
2021-08-03 23:26:45,492 ERROR [http-nio-8080-exec-1] p.g.f.c.a.ExceptionAdvice [ExceptionAdvice.java:24] org.springframework.web.servlet.mvc.method.AbstractHandlerMethodAdapter.handle(AbstractHandlerMethodAdapter.java:87)
2021-08-03 23:26:45,492 ERROR [http-nio-8080-exec-1] p.g.f.c.a.ExceptionAdvice [ExceptionAdvice.java:24] org.springframework.web.servlet.DispatcherServlet.doDispatch(DispatcherServlet.java:1063)
2021-08-03 23:26:45,493 ERROR [http-nio-8080-exec-1] p.g.f.c.a.ExceptionAdvice [ExceptionAdvice.java:24] org.springframework.web.servlet.DispatcherServlet.doService(DispatcherServlet.java:963)
2021-08-03 23:26:45,493 ERROR [http-nio-8080-exec-1] p.g.f.c.a.ExceptionAdvice [ExceptionAdvice.java:24] org.springframework.web.servlet.FrameworkServlet.processRequest(FrameworkServlet.java:1006)
2021-08-03 23:26:45,493 ERROR [http-nio-8080-exec-1] p.g.f.c.a.ExceptionAdvice [ExceptionAdvice.java:24] org.springframework.web.servlet.FrameworkServlet.doGet(FrameworkServlet.java:898)
2021-08-03 23:26:45,493 ERROR [http-nio-8080-exec-1] p.g.f.c.a.ExceptionAdvice [ExceptionAdvice.java:24] javax.servlet.http.HttpServlet.service(HttpServlet.java:626)
2021-08-03 23:26:45,493 ERROR [http-nio-8080-exec-1] p.g.f.c.a.ExceptionAdvice [ExceptionAdvice.java:24] org.springframework.web.servlet.FrameworkServlet.service(FrameworkServlet.java:883)
2021-08-03 23:26:45,493 ERROR [http-nio-8080-exec-1] p.g.f.c.a.ExceptionAdvice [ExceptionAdvice.java:24] javax.servlet.http.HttpServlet.service(HttpServlet.java:733)
2021-08-03 23:26:45,493 ERROR [http-nio-8080-exec-1] p.g.f.c.a.ExceptionAdvice [ExceptionAdvice.java:24] org.apache.catalina.core.ApplicationFilterChain.internalDoFilter(ApplicationFilterChain.java:227)
2021-08-03 23:26:45,494 ERROR [http-nio-8080-exec-1] p.g.f.c.a.ExceptionAdvice [ExceptionAdvice.java:24] org.apache.catalina.core.ApplicationFilterChain.doFilter(ApplicationFilterChain.java:162)
2021-08-03 23:26:45,494 ERROR [http-nio-8080-exec-1] p.g.f.c.a.ExceptionAdvice [ExceptionAdvice.java:24] org.apache.tomcat.websocket.server.WsFilter.doFilter(WsFilter.java:53)
2021-08-03 23:26:45,494 ERROR [http-nio-8080-exec-1] p.g.f.c.a.ExceptionAdvice [ExceptionAdvice.java:24] org.apache.catalina.core.ApplicationFilterChain.internalDoFilter(ApplicationFilterChain.java:189)
2021-08-03 23:26:45,494 ERROR [http-nio-8080-exec-1] p.g.f.c.a.ExceptionAdvice [ExceptionAdvice.java:24] org.apache.catalina.core.ApplicationFilterChain.doFilter(ApplicationFilterChain.java:162)
2021-08-03 23:26:45,494 ERROR [http-nio-8080-exec-1] p.g.f.c.a.ExceptionAdvice [ExceptionAdvice.java:24] org.springframework.web.filter.RequestContextFilter.doFilterInternal(RequestContextFilter.java:100)
2021-08-03 23:26:45,494 ERROR [http-nio-8080-exec-1] p.g.f.c.a.ExceptionAdvice [ExceptionAdvice.java:24] org.springframework.web.filter.OncePerRequestFilter.doFilter(OncePerRequestFilter.java:119)
2021-08-03 23:26:45,494 ERROR [http-nio-8080-exec-1] p.g.f.c.a.ExceptionAdvice [ExceptionAdvice.java:24] org.apache.catalina.core.ApplicationFilterChain.internalDoFilter(ApplicationFilterChain.java:189)
2021-08-03 23:26:45,495 ERROR [http-nio-8080-exec-1] p.g.f.c.a.ExceptionAdvice [ExceptionAdvice.java:24] org.apache.catalina.core.ApplicationFilterChain.doFilter(ApplicationFilterChain.java:162)
2021-08-03 23:26:45,495 ERROR [http-nio-8080-exec-1] p.g.f.c.a.ExceptionAdvice [ExceptionAdvice.java:24] org.springframework.web.filter.FormContentFilter.doFilterInternal(FormContentFilter.java:93)
2021-08-03 23:26:45,495 ERROR [http-nio-8080-exec-1] p.g.f.c.a.ExceptionAdvice [ExceptionAdvice.java:24] org.springframework.web.filter.OncePerRequestFilter.doFilter(OncePerRequestFilter.java:119)
2021-08-03 23:26:45,495 ERROR [http-nio-8080-exec-1] p.g.f.c.a.ExceptionAdvice [ExceptionAdvice.java:24] org.apache.catalina.core.ApplicationFilterChain.internalDoFilter(ApplicationFilterChain.java:189)
2021-08-03 23:26:45,495 ERROR [http-nio-8080-exec-1] p.g.f.c.a.ExceptionAdvice [ExceptionAdvice.java:24] org.apache.catalina.core.ApplicationFilterChain.doFilter(ApplicationFilterChain.java:162)
2021-08-03 23:26:45,495 ERROR [http-nio-8080-exec-1] p.g.f.c.a.ExceptionAdvice [ExceptionAdvice.java:24] org.springframework.web.filter.CharacterEncodingFilter.doFilterInternal(CharacterEncodingFilter.java:201)
2021-08-03 23:26:45,495 ERROR [http-nio-8080-exec-1] p.g.f.c.a.ExceptionAdvice [ExceptionAdvice.java:24] org.springframework.web.filter.OncePerRequestFilter.doFilter(OncePerRequestFilter.java:119)
2021-08-03 23:26:45,496 ERROR [http-nio-8080-exec-1] p.g.f.c.a.ExceptionAdvice [ExceptionAdvice.java:24] org.apache.catalina.core.ApplicationFilterChain.internalDoFilter(ApplicationFilterChain.java:189)
2021-08-03 23:26:45,496 ERROR [http-nio-8080-exec-1] p.g.f.c.a.ExceptionAdvice [ExceptionAdvice.java:24] org.apache.catalina.core.ApplicationFilterChain.doFilter(ApplicationFilterChain.java:162)
2021-08-03 23:26:45,496 ERROR [http-nio-8080-exec-1] p.g.f.c.a.ExceptionAdvice [ExceptionAdvice.java:24] org.apache.catalina.core.StandardWrapperValve.invoke(StandardWrapperValve.java:202)
2021-08-03 23:26:45,496 ERROR [http-nio-8080-exec-1] p.g.f.c.a.ExceptionAdvice [ExceptionAdvice.java:24] org.apache.catalina.core.StandardContextValve.invoke(StandardContextValve.java:97)
2021-08-03 23:26:45,496 ERROR [http-nio-8080-exec-1] p.g.f.c.a.ExceptionAdvice [ExceptionAdvice.java:24] org.apache.catalina.authenticator.AuthenticatorBase.invoke(AuthenticatorBase.java:542)
2021-08-03 23:26:45,496 ERROR [http-nio-8080-exec-1] p.g.f.c.a.ExceptionAdvice [ExceptionAdvice.java:24] org.apache.catalina.core.StandardHostValve.invoke(StandardHostValve.java:143)
2021-08-03 23:26:45,497 ERROR [http-nio-8080-exec-1] p.g.f.c.a.ExceptionAdvice [ExceptionAdvice.java:24] org.apache.catalina.valves.ErrorReportValve.invoke(ErrorReportValve.java:92)
2021-08-03 23:26:45,497 ERROR [http-nio-8080-exec-1] p.g.f.c.a.ExceptionAdvice [ExceptionAdvice.java:24] org.apache.catalina.core.StandardEngineValve.invoke(StandardEngineValve.java:78)
2021-08-03 23:26:45,497 ERROR [http-nio-8080-exec-1] p.g.f.c.a.ExceptionAdvice [ExceptionAdvice.java:24] org.apache.catalina.connector.CoyoteAdapter.service(CoyoteAdapter.java:357)
2021-08-03 23:26:45,497 ERROR [http-nio-8080-exec-1] p.g.f.c.a.ExceptionAdvice [ExceptionAdvice.java:24] org.apache.coyote.http11.Http11Processor.service(Http11Processor.java:374)
2021-08-03 23:26:45,497 ERROR [http-nio-8080-exec-1] p.g.f.c.a.ExceptionAdvice [ExceptionAdvice.java:24] org.apache.coyote.AbstractProcessorLight.process(AbstractProcessorLight.java:65)
2021-08-03 23:26:45,497 ERROR [http-nio-8080-exec-1] p.g.f.c.a.ExceptionAdvice [ExceptionAdvice.java:24] org.apache.coyote.AbstractProtocol$ConnectionHandler.process(AbstractProtocol.java:893)
2021-08-03 23:26:45,497 ERROR [http-nio-8080-exec-1] p.g.f.c.a.ExceptionAdvice [ExceptionAdvice.java:24] org.apache.tomcat.util.net.NioEndpoint$SocketProcessor.doRun(NioEndpoint.java:1707)
2021-08-03 23:26:45,498 ERROR [http-nio-8080-exec-1] p.g.f.c.a.ExceptionAdvice [ExceptionAdvice.java:24] org.apache.tomcat.util.net.SocketProcessorBase.run(SocketProcessorBase.java:49)
2021-08-03 23:26:45,498 ERROR [http-nio-8080-exec-1] p.g.f.c.a.ExceptionAdvice [ExceptionAdvice.java:24] java.util.concurrent.ThreadPoolExecutor.runWorker(ThreadPoolExecutor.java:1149)
2021-08-03 23:26:45,498 ERROR [http-nio-8080-exec-1] p.g.f.c.a.ExceptionAdvice [ExceptionAdvice.java:24] java.util.concurrent.ThreadPoolExecutor$Worker.run(ThreadPoolExecutor.java:624)
2021-08-03 23:26:45,498 ERROR [http-nio-8080-exec-1] p.g.f.c.a.ExceptionAdvice [ExceptionAdvice.java:24] org.apache.tomcat.util.threads.TaskThread$WrappingRunnable.run(TaskThread.java:61)
2021-08-03 23:26:45,498 ERROR [http-nio-8080-exec-1] p.g.f.c.a.ExceptionAdvice [ExceptionAdvice.java:24] java.lang.Thread.run(Thread.java:748)
